{"C:\\Users\\chadc\\Documents\\git-projects\\usproxy\\dist\\index.js":{"path":"C:\\Users\\chadc\\Documents\\git-projects\\usproxy\\dist\\index.js","statementMap":{"0":{"start":{"line":2,"column":0},"end":{"line":2,"column":62}},"1":{"start":{"line":3,"column":26},"end":{"line":3,"column":61}},"2":{"start":{"line":4,"column":38},"end":{"line":4,"column":84}},"3":{"start":{"line":5,"column":25},"end":{"line":5,"column":52}},"4":{"start":{"line":6,"column":30},"end":{"line":6,"column":69}},"5":{"start":{"line":7,"column":30},"end":{"line":7,"column":68}},"6":{"start":{"line":8,"column":10},"end":{"line":8,"column":43}},"7":{"start":{"line":10,"column":4},"end":{"line":10,"column":35}},"8":{"start":{"line":11,"column":4},"end":{"line":11,"column":50}},"9":{"start":{"line":12,"column":4},"end":{"line":12,"column":54}},"10":{"start":{"line":16,"column":8},"end":{"line":16,"column":53}},"11":{"start":{"line":17,"column":8},"end":{"line":17,"column":43}},"12":{"start":{"line":18,"column":8},"end":{"line":18,"column":21}},"13":{"start":{"line":23,"column":8},"end":{"line":23,"column":55}},"14":{"start":{"line":24,"column":8},"end":{"line":24,"column":43}},"15":{"start":{"line":25,"column":8},"end":{"line":25,"column":21}},"16":{"start":{"line":30,"column":8},"end":{"line":30,"column":58}},"17":{"start":{"line":31,"column":8},"end":{"line":31,"column":43}},"18":{"start":{"line":32,"column":8},"end":{"line":32,"column":21}},"19":{"start":{"line":37,"column":8},"end":{"line":37,"column":57}},"20":{"start":{"line":38,"column":8},"end":{"line":38,"column":43}},"21":{"start":{"line":39,"column":8},"end":{"line":39,"column":21}},"22":{"start":{"line":44,"column":8},"end":{"line":44,"column":58}},"23":{"start":{"line":45,"column":8},"end":{"line":45,"column":43}},"24":{"start":{"line":46,"column":8},"end":{"line":46,"column":21}},"25":{"start":{"line":49,"column":16},"end":{"line":49,"column":53}},"26":{"start":{"line":50,"column":10},"end":{"line":50,"column":56}},"27":{"start":{"line":51,"column":24},"end":{"line":51,"column":115}},"28":{"start":{"line":52,"column":18},"end":{"line":52,"column":109}},"29":{"start":{"line":53,"column":0},"end":{"line":53,"column":63}},"30":{"start":{"line":54,"column":0},"end":{"line":54,"column":65}},"31":{"start":{"line":55,"column":0},"end":{"line":55,"column":208}},"32":{"start":{"line":56,"column":0},"end":{"line":56,"column":65}},"33":{"start":{"line":57,"column":0},"end":{"line":57,"column":59}},"34":{"start":{"line":58,"column":0},"end":{"line":58,"column":58}},"35":{"start":{"line":59,"column":0},"end":{"line":59,"column":25}}},"fnMap":{"0":{"name":"logContext","decl":{"start":{"line":9,"column":9},"end":{"line":9,"column":19}},"loc":{"start":{"line":9,"column":29},"end":{"line":13,"column":1}},"line":9},"1":{"name":"(anonymous_1)","decl":{"start":{"line":15,"column":4},"end":{"line":15,"column":5}},"loc":{"start":{"line":15,"column":33},"end":{"line":19,"column":5}},"line":15},"2":{"name":"(anonymous_2)","decl":{"start":{"line":22,"column":4},"end":{"line":22,"column":5}},"loc":{"start":{"line":22,"column":33},"end":{"line":26,"column":5}},"line":22},"3":{"name":"(anonymous_3)","decl":{"start":{"line":29,"column":4},"end":{"line":29,"column":5}},"loc":{"start":{"line":29,"column":33},"end":{"line":33,"column":5}},"line":29},"4":{"name":"(anonymous_4)","decl":{"start":{"line":36,"column":4},"end":{"line":36,"column":5}},"loc":{"start":{"line":36,"column":33},"end":{"line":40,"column":5}},"line":36},"5":{"name":"(anonymous_5)","decl":{"start":{"line":43,"column":4},"end":{"line":43,"column":5}},"loc":{"start":{"line":43,"column":33},"end":{"line":47,"column":5}},"line":43}},"branchMap":{},"s":{"0":1,"1":1,"2":1,"3":1,"4":1,"5":1,"6":1,"7":0,"8":0,"9":0,"10":0,"11":0,"12":0,"13":0,"14":0,"15":0,"16":0,"17":0,"18":0,"19":0,"20":0,"21":0,"22":0,"23":0,"24":0,"25":1,"26":1,"27":1,"28":1,"29":1,"30":1,"31":1,"32":1,"33":1,"34":1,"35":1},"f":{"0":0,"1":0,"2":0,"3":0,"4":0,"5":0},"b":{},"_coverageSchema":"332fd63041d2c1bcb487cc26dd0d5f7d97098a6c","hash":"3fa74a191cac4c90ba80dc30f76d401473228b0a"},"C:\\Users\\chadc\\Documents\\git-projects\\usproxy\\dist\\server\\http-web-server.js":{"path":"C:\\Users\\chadc\\Documents\\git-projects\\usproxy\\dist\\server\\http-web-server.js","statementMap":{"0":{"start":{"line":2,"column":0},"end":{"line":2,"column":62}},"1":{"start":{"line":3,"column":13},"end":{"line":3,"column":28}},"2":{"start":{"line":6,"column":8},"end":{"line":6,"column":49}},"3":{"start":{"line":9,"column":0},"end":{"line":9,"column":38}}},"fnMap":{"0":{"name":"(anonymous_0)","decl":{"start":{"line":5,"column":4},"end":{"line":5,"column":5}},"loc":{"start":{"line":5,"column":32},"end":{"line":7,"column":5}},"line":5}},"branchMap":{},"s":{"0":1,"1":1,"2":1,"3":1},"f":{"0":1},"b":{},"_coverageSchema":"332fd63041d2c1bcb487cc26dd0d5f7d97098a6c","hash":"3622a7a24126909411f6a5022e89d825e406abfe"},"C:\\Users\\chadc\\Documents\\git-projects\\usproxy\\dist\\proxy\\http-proxy-mw-event-emitter.js":{"path":"C:\\Users\\chadc\\Documents\\git-projects\\usproxy\\dist\\proxy\\http-proxy-mw-event-emitter.js","statementMap":{"0":{"start":{"line":2,"column":0},"end":{"line":2,"column":62}},"1":{"start":{"line":3,"column":14},"end":{"line":3,"column":46}},"2":{"start":{"line":6,"column":8},"end":{"line":6,"column":23}},"3":{"start":{"line":7,"column":8},"end":{"line":7,"column":29}},"4":{"start":{"line":8,"column":8},"end":{"line":15,"column":11}},"5":{"start":{"line":12,"column":42},"end":{"line":12,"column":87}},"6":{"start":{"line":13,"column":50},"end":{"line":13,"column":103}},"7":{"start":{"line":14,"column":50},"end":{"line":14,"column":103}},"8":{"start":{"line":16,"column":8},"end":{"line":16,"column":37}},"9":{"start":{"line":19,"column":8},"end":{"line":21,"column":9}},"10":{"start":{"line":20,"column":12},"end":{"line":20,"column":46}},"11":{"start":{"line":22,"column":8},"end":{"line":22,"column":43}},"12":{"start":{"line":25,"column":24},"end":{"line":25,"column":43}},"13":{"start":{"line":26,"column":8},"end":{"line":28,"column":11}},"14":{"start":{"line":27,"column":12},"end":{"line":27,"column":36}},"15":{"start":{"line":31,"column":0},"end":{"line":31,"column":50}}},"fnMap":{"0":{"name":"(anonymous_0)","decl":{"start":{"line":5,"column":4},"end":{"line":5,"column":5}},"loc":{"start":{"line":5,"column":29},"end":{"line":17,"column":5}},"line":5},"1":{"name":"(anonymous_1)","decl":{"start":{"line":12,"column":21},"end":{"line":12,"column":22}},"loc":{"start":{"line":12,"column":40},"end":{"line":12,"column":89}},"line":12},"2":{"name":"(anonymous_2)","decl":{"start":{"line":13,"column":24},"end":{"line":13,"column":25}},"loc":{"start":{"line":13,"column":48},"end":{"line":13,"column":105}},"line":13},"3":{"name":"(anonymous_3)","decl":{"start":{"line":14,"column":24},"end":{"line":14,"column":25}},"loc":{"start":{"line":14,"column":48},"end":{"line":14,"column":105}},"line":14},"4":{"name":"(anonymous_4)","decl":{"start":{"line":18,"column":4},"end":{"line":18,"column":5}},"loc":{"start":{"line":18,"column":28},"end":{"line":23,"column":5}},"line":18},"5":{"name":"(anonymous_5)","decl":{"start":{"line":24,"column":4},"end":{"line":24,"column":5}},"loc":{"start":{"line":24,"column":46},"end":{"line":29,"column":5}},"line":24},"6":{"name":"(anonymous_6)","decl":{"start":{"line":26,"column":26},"end":{"line":26,"column":27}},"loc":{"start":{"line":26,"column":40},"end":{"line":28,"column":9}},"line":26}},"branchMap":{"0":{"loc":{"start":{"line":19,"column":8},"end":{"line":21,"column":9}},"type":"if","locations":[{"start":{"line":19,"column":8},"end":{"line":21,"column":9}},{"start":{"line":19,"column":8},"end":{"line":21,"column":9}}],"line":19}},"s":{"0":1,"1":1,"2":1,"3":1,"4":1,"5":0,"6":0,"7":0,"8":1,"9":3,"10":3,"11":3,"12":0,"13":0,"14":0,"15":1},"f":{"0":1,"1":0,"2":0,"3":0,"4":3,"5":0,"6":0},"b":{"0":[3,0]},"_coverageSchema":"332fd63041d2c1bcb487cc26dd0d5f7d97098a6c","hash":"89d735b072218db0086a4a0feb17ea9702204e8d"},"C:\\Users\\chadc\\Documents\\git-projects\\usproxy\\dist\\winston-logger.js":{"path":"C:\\Users\\chadc\\Documents\\git-projects\\usproxy\\dist\\winston-logger.js","statementMap":{"0":{"start":{"line":2,"column":0},"end":{"line":2,"column":62}},"1":{"start":{"line":3,"column":16},"end":{"line":3,"column":34}},"2":{"start":{"line":6,"column":8},"end":{"line":6,"column":64}},"3":{"start":{"line":6,"column":30},"end":{"line":6,"column":63}},"4":{"start":{"line":7,"column":8},"end":{"line":14,"column":11}},"5":{"start":{"line":17,"column":8},"end":{"line":17,"column":34}},"6":{"start":{"line":20,"column":8},"end":{"line":20,"column":35}},"7":{"start":{"line":23,"column":8},"end":{"line":23,"column":29}},"8":{"start":{"line":24,"column":8},"end":{"line":24,"column":36}},"9":{"start":{"line":27,"column":8},"end":{"line":27,"column":35}},"10":{"start":{"line":30,"column":8},"end":{"line":30,"column":36}},"11":{"start":{"line":33,"column":8},"end":{"line":33,"column":35}},"12":{"start":{"line":36,"column":0},"end":{"line":36,"column":32}}},"fnMap":{"0":{"name":"(anonymous_0)","decl":{"start":{"line":5,"column":4},"end":{"line":5,"column":5}},"loc":{"start":{"line":5,"column":18},"end":{"line":15,"column":5}},"line":5},"1":{"name":"(anonymous_1)","decl":{"start":{"line":6,"column":24},"end":{"line":6,"column":25}},"loc":{"start":{"line":6,"column":30},"end":{"line":6,"column":63}},"line":6},"2":{"name":"(anonymous_2)","decl":{"start":{"line":16,"column":4},"end":{"line":16,"column":5}},"loc":{"start":{"line":16,"column":16},"end":{"line":18,"column":5}},"line":16},"3":{"name":"(anonymous_3)","decl":{"start":{"line":19,"column":4},"end":{"line":19,"column":5}},"loc":{"start":{"line":19,"column":21},"end":{"line":21,"column":5}},"line":19},"4":{"name":"(anonymous_4)","decl":{"start":{"line":22,"column":4},"end":{"line":22,"column":5}},"loc":{"start":{"line":22,"column":19},"end":{"line":25,"column":5}},"line":22},"5":{"name":"(anonymous_5)","decl":{"start":{"line":26,"column":4},"end":{"line":26,"column":5}},"loc":{"start":{"line":26,"column":18},"end":{"line":28,"column":5}},"line":26},"6":{"name":"(anonymous_6)","decl":{"start":{"line":29,"column":4},"end":{"line":29,"column":5}},"loc":{"start":{"line":29,"column":19},"end":{"line":31,"column":5}},"line":29},"7":{"name":"(anonymous_7)","decl":{"start":{"line":32,"column":4},"end":{"line":32,"column":5}},"loc":{"start":{"line":32,"column":18},"end":{"line":34,"column":5}},"line":32}},"branchMap":{},"s":{"0":1,"1":1,"2":31,"3":3,"4":31,"5":5,"6":4,"7":3,"8":3,"9":1,"10":1,"11":1,"12":1},"f":{"0":31,"1":3,"2":5,"3":4,"4":3,"5":1,"6":1,"7":1},"b":{},"_coverageSchema":"332fd63041d2c1bcb487cc26dd0d5f7d97098a6c","hash":"3778996f42b9fc3e89c821b7ce9ca372893f2e26"},"C:\\Users\\chadc\\Documents\\git-projects\\usproxy\\dist\\server\\connect-application.js":{"path":"C:\\Users\\chadc\\Documents\\git-projects\\usproxy\\dist\\server\\connect-application.js","statementMap":{"0":{"start":{"line":2,"column":0},"end":{"line":2,"column":62}},"1":{"start":{"line":3,"column":16},"end":{"line":3,"column":34}},"2":{"start":{"line":6,"column":8},"end":{"line":6,"column":29}},"3":{"start":{"line":9,"column":8},"end":{"line":9,"column":24}},"4":{"start":{"line":12,"column":8},"end":{"line":12,"column":31}},"5":{"start":{"line":15,"column":0},"end":{"line":15,"column":48}}},"fnMap":{"0":{"name":"(anonymous_0)","decl":{"start":{"line":5,"column":4},"end":{"line":5,"column":5}},"loc":{"start":{"line":5,"column":18},"end":{"line":7,"column":5}},"line":5},"1":{"name":"(anonymous_1)","decl":{"start":{"line":8,"column":4},"end":{"line":8,"column":5}},"loc":{"start":{"line":8,"column":26},"end":{"line":10,"column":5}},"line":8},"2":{"name":"(anonymous_2)","decl":{"start":{"line":11,"column":4},"end":{"line":11,"column":5}},"loc":{"start":{"line":11,"column":18},"end":{"line":13,"column":5}},"line":11}},"branchMap":{},"s":{"0":1,"1":1,"2":1,"3":1,"4":2,"5":1},"f":{"0":1,"1":1,"2":2},"b":{},"_coverageSchema":"332fd63041d2c1bcb487cc26dd0d5f7d97098a6c","hash":"3735e01a0a03d8101340c3ffa0d6f05b32f97965"},"C:\\Users\\chadc\\Documents\\git-projects\\usproxy\\dist\\proxy\\http-proxymw-server.js":{"path":"C:\\Users\\chadc\\Documents\\git-projects\\usproxy\\dist\\proxy\\http-proxymw-server.js","statementMap":{"0":{"start":{"line":2,"column":0},"end":{"line":2,"column":62}},"1":{"start":{"line":3,"column":43},"end":{"line":3,"column":95}},"2":{"start":{"line":4,"column":24},"end":{"line":4,"column":50}},"3":{"start":{"line":5,"column":36},"end":{"line":5,"column":74}},"4":{"start":{"line":8,"column":8},"end":{"line":8,"column":23}},"5":{"start":{"line":9,"column":8},"end":{"line":9,"column":86}},"6":{"start":{"line":10,"column":8},"end":{"line":10,"column":23}},"7":{"start":{"line":11,"column":8},"end":{"line":11,"column":35}},"8":{"start":{"line":12,"column":8},"end":{"line":12,"column":51}},"9":{"start":{"line":15,"column":8},"end":{"line":15,"column":60}},"10":{"start":{"line":16,"column":22},"end":{"line":16,"column":56}},"11":{"start":{"line":17,"column":8},"end":{"line":17,"column":34}},"12":{"start":{"line":18,"column":8},"end":{"line":18,"column":30}},"13":{"start":{"line":19,"column":28},"end":{"line":19,"column":33}},"14":{"start":{"line":20,"column":8},"end":{"line":24,"column":11}},"15":{"start":{"line":21,"column":12},"end":{"line":21,"column":71}},"16":{"start":{"line":22,"column":12},"end":{"line":22,"column":33}},"17":{"start":{"line":23,"column":12},"end":{"line":23,"column":42}},"18":{"start":{"line":25,"column":8},"end":{"line":34,"column":11}},"19":{"start":{"line":26,"column":12},"end":{"line":26,"column":70}},"20":{"start":{"line":27,"column":12},"end":{"line":27,"column":42}},"21":{"start":{"line":28,"column":12},"end":{"line":28,"column":52}},"22":{"start":{"line":29,"column":12},"end":{"line":29,"column":46}},"23":{"start":{"line":30,"column":12},"end":{"line":30,"column":48}},"24":{"start":{"line":31,"column":12},"end":{"line":33,"column":15}},"25":{"start":{"line":32,"column":16},"end":{"line":32,"column":56}},"26":{"start":{"line":37,"column":22},"end":{"line":37,"column":33}},"27":{"start":{"line":38,"column":28},"end":{"line":38,"column":33}},"28":{"start":{"line":39,"column":8},"end":{"line":41,"column":11}},"29":{"start":{"line":40,"column":12},"end":{"line":40,"column":60}},"30":{"start":{"line":42,"column":8},"end":{"line":48,"column":11}},"31":{"start":{"line":43,"column":12},"end":{"line":43,"column":56}},"32":{"start":{"line":44,"column":12},"end":{"line":44,"column":62}},"33":{"start":{"line":45,"column":12},"end":{"line":47,"column":15}},"34":{"start":{"line":46,"column":16},"end":{"line":46,"column":56}},"35":{"start":{"line":51,"column":8},"end":{"line":51,"column":57}},"36":{"start":{"line":52,"column":8},"end":{"line":59,"column":11}},"37":{"start":{"line":53,"column":12},"end":{"line":58,"column":52}},"38":{"start":{"line":54,"column":16},"end":{"line":54,"column":40}},"39":{"start":{"line":55,"column":16},"end":{"line":55,"column":60}},"40":{"start":{"line":58,"column":16},"end":{"line":58,"column":52}},"41":{"start":{"line":62,"column":8},"end":{"line":62,"column":55}},"42":{"start":{"line":65,"column":8},"end":{"line":65,"column":50}},"43":{"start":{"line":68,"column":8},"end":{"line":68,"column":53}},"44":{"start":{"line":71,"column":8},"end":{"line":71,"column":52}},"45":{"start":{"line":74,"column":8},"end":{"line":74,"column":53}},"46":{"start":{"line":77,"column":8},"end":{"line":77,"column":77}},"47":{"start":{"line":80,"column":8},"end":{"line":80,"column":109}},"48":{"start":{"line":80,"column":64},"end":{"line":80,"column":105}},"49":{"start":{"line":81,"column":8},"end":{"line":81,"column":125}},"50":{"start":{"line":81,"column":72},"end":{"line":81,"column":121}},"51":{"start":{"line":82,"column":8},"end":{"line":82,"column":125}},"52":{"start":{"line":82,"column":72},"end":{"line":82,"column":121}},"53":{"start":{"line":83,"column":21},"end":{"line":83,"column":99}},"54":{"start":{"line":84,"column":8},"end":{"line":84,"column":116}},"55":{"start":{"line":85,"column":8},"end":{"line":85,"column":54}},"56":{"start":{"line":86,"column":8},"end":{"line":86,"column":61}},"57":{"start":{"line":87,"column":8},"end":{"line":87,"column":67}},"58":{"start":{"line":90,"column":0},"end":{"line":90,"column":62}}},"fnMap":{"0":{"name":"(anonymous_0)","decl":{"start":{"line":7,"column":4},"end":{"line":7,"column":5}},"loc":{"start":{"line":7,"column":56},"end":{"line":13,"column":5}},"line":7},"1":{"name":"(anonymous_1)","decl":{"start":{"line":14,"column":4},"end":{"line":14,"column":5}},"loc":{"start":{"line":14,"column":48},"end":{"line":35,"column":5}},"line":14},"2":{"name":"(anonymous_2)","decl":{"start":{"line":20,"column":23},"end":{"line":20,"column":24}},"loc":{"start":{"line":20,"column":34},"end":{"line":24,"column":9}},"line":20},"3":{"name":"(anonymous_3)","decl":{"start":{"line":25,"column":22},"end":{"line":25,"column":23}},"loc":{"start":{"line":25,"column":28},"end":{"line":34,"column":9}},"line":25},"4":{"name":"(anonymous_4)","decl":{"start":{"line":31,"column":57},"end":{"line":31,"column":58}},"loc":{"start":{"line":31,"column":71},"end":{"line":33,"column":13}},"line":31},"5":{"name":"(anonymous_5)","decl":{"start":{"line":36,"column":4},"end":{"line":36,"column":5}},"loc":{"start":{"line":36,"column":48},"end":{"line":49,"column":5}},"line":36},"6":{"name":"(anonymous_6)","decl":{"start":{"line":39,"column":28},"end":{"line":39,"column":29}},"loc":{"start":{"line":39,"column":39},"end":{"line":41,"column":9}},"line":39},"7":{"name":"(anonymous_7)","decl":{"start":{"line":42,"column":27},"end":{"line":42,"column":28}},"loc":{"start":{"line":42,"column":33},"end":{"line":48,"column":9}},"line":42},"8":{"name":"(anonymous_8)","decl":{"start":{"line":45,"column":58},"end":{"line":45,"column":59}},"loc":{"start":{"line":45,"column":72},"end":{"line":47,"column":13}},"line":45},"9":{"name":"(anonymous_9)","decl":{"start":{"line":50,"column":4},"end":{"line":50,"column":5}},"loc":{"start":{"line":50,"column":40},"end":{"line":60,"column":5}},"line":50},"10":{"name":"(anonymous_10)","decl":{"start":{"line":52,"column":51},"end":{"line":52,"column":52}},"loc":{"start":{"line":52,"column":65},"end":{"line":59,"column":9}},"line":52},"11":{"name":"(anonymous_11)","decl":{"start":{"line":61,"column":4},"end":{"line":61,"column":5}},"loc":{"start":{"line":61,"column":36},"end":{"line":63,"column":5}},"line":61},"12":{"name":"(anonymous_12)","decl":{"start":{"line":64,"column":4},"end":{"line":64,"column":5}},"loc":{"start":{"line":64,"column":31},"end":{"line":66,"column":5}},"line":64},"13":{"name":"(anonymous_13)","decl":{"start":{"line":67,"column":4},"end":{"line":67,"column":5}},"loc":{"start":{"line":67,"column":34},"end":{"line":69,"column":5}},"line":67},"14":{"name":"(anonymous_14)","decl":{"start":{"line":70,"column":4},"end":{"line":70,"column":5}},"loc":{"start":{"line":70,"column":33},"end":{"line":72,"column":5}},"line":70},"15":{"name":"(anonymous_15)","decl":{"start":{"line":73,"column":4},"end":{"line":73,"column":5}},"loc":{"start":{"line":73,"column":34},"end":{"line":75,"column":5}},"line":73},"16":{"name":"(anonymous_16)","decl":{"start":{"line":76,"column":4},"end":{"line":76,"column":5}},"loc":{"start":{"line":76,"column":58},"end":{"line":78,"column":5}},"line":76},"17":{"name":"(anonymous_17)","decl":{"start":{"line":79,"column":4},"end":{"line":79,"column":5}},"loc":{"start":{"line":79,"column":17},"end":{"line":88,"column":5}},"line":79},"18":{"name":"(anonymous_18)","decl":{"start":{"line":80,"column":43},"end":{"line":80,"column":44}},"loc":{"start":{"line":80,"column":62},"end":{"line":80,"column":107}},"line":80},"19":{"name":"(anonymous_19)","decl":{"start":{"line":81,"column":46},"end":{"line":81,"column":47}},"loc":{"start":{"line":81,"column":70},"end":{"line":81,"column":123}},"line":81},"20":{"name":"(anonymous_20)","decl":{"start":{"line":82,"column":46},"end":{"line":82,"column":47}},"loc":{"start":{"line":82,"column":70},"end":{"line":82,"column":123}},"line":82}},"branchMap":{"0":{"loc":{"start":{"line":53,"column":12},"end":{"line":58,"column":52}},"type":"if","locations":[{"start":{"line":53,"column":12},"end":{"line":58,"column":52}},{"start":{"line":53,"column":12},"end":{"line":58,"column":52}}],"line":53}},"s":{"0":1,"1":1,"2":1,"3":1,"4":3,"5":3,"6":3,"7":3,"8":3,"9":0,"10":0,"11":0,"12":0,"13":0,"14":0,"15":0,"16":0,"17":0,"18":0,"19":0,"20":0,"21":0,"22":0,"23":0,"24":0,"25":0,"26":0,"27":0,"28":0,"29":0,"30":0,"31":0,"32":0,"33":0,"34":0,"35":1,"36":1,"37":1,"38":0,"39":0,"40":1,"41":2,"42":1,"43":1,"44":1,"45":1,"46":1,"47":2,"48":1,"49":2,"50":0,"51":2,"52":0,"53":2,"54":2,"55":2,"56":2,"57":2,"58":1},"f":{"0":3,"1":0,"2":0,"3":0,"4":0,"5":0,"6":0,"7":0,"8":0,"9":1,"10":1,"11":2,"12":1,"13":1,"14":1,"15":1,"16":1,"17":2,"18":1,"19":0,"20":0},"b":{"0":[0,1]},"_coverageSchema":"332fd63041d2c1bcb487cc26dd0d5f7d97098a6c","hash":"77a9f2980a1ccf0711eaba252637fb0731671cfa"},"C:\\Users\\chadc\\Documents\\git-projects\\usproxy\\dist\\utils\\harmon-streaming-html-middleware.js":{"path":"C:\\Users\\chadc\\Documents\\git-projects\\usproxy\\dist\\utils\\harmon-streaming-html-middleware.js","statementMap":{"0":{"start":{"line":2,"column":0},"end":{"line":2,"column":62}},"1":{"start":{"line":3,"column":15},"end":{"line":3,"column":32}},"2":{"start":{"line":6,"column":8},"end":{"line":6,"column":23}},"3":{"start":{"line":7,"column":8},"end":{"line":7,"column":49}},"4":{"start":{"line":23,"column":0},"end":{"line":23,"column":70}}},"fnMap":{"0":{"name":"(anonymous_0)","decl":{"start":{"line":5,"column":4},"end":{"line":5,"column":5}},"loc":{"start":{"line":5,"column":21},"end":{"line":8,"column":5}},"line":5}},"branchMap":{},"s":{"0":1,"1":1,"2":3,"3":3,"4":1},"f":{"0":3},"b":{},"_coverageSchema":"332fd63041d2c1bcb487cc26dd0d5f7d97098a6c","hash":"cb83b6b33ce7f47a499622415072f98ec11e3e62"},"C:\\Users\\chadc\\Documents\\git-projects\\usproxy\\dist\\proxy\\proxy-context.js":{"path":"C:\\Users\\chadc\\Documents\\git-projects\\usproxy\\dist\\proxy\\proxy-context.js","statementMap":{"0":{"start":{"line":2,"column":0},"end":{"line":2,"column":62}},"1":{"start":{"line":3,"column":19},"end":{"line":3,"column":40}},"2":{"start":{"line":4,"column":24},"end":{"line":4,"column":50}},"3":{"start":{"line":5,"column":25},"end":{"line":5,"column":52}},"4":{"start":{"line":8,"column":8},"end":{"line":8,"column":61}},"5":{"start":{"line":9,"column":8},"end":{"line":9,"column":58}},"6":{"start":{"line":10,"column":8},"end":{"line":10,"column":48}},"7":{"start":{"line":30,"column":0},"end":{"line":30,"column":36}}},"fnMap":{"0":{"name":"(anonymous_0)","decl":{"start":{"line":7,"column":4},"end":{"line":7,"column":5}},"loc":{"start":{"line":7,"column":18},"end":{"line":11,"column":5}},"line":7}},"branchMap":{},"s":{"0":1,"1":1,"2":1,"3":1,"4":20,"5":20,"6":20,"7":1},"f":{"0":20},"b":{},"_coverageSchema":"332fd63041d2c1bcb487cc26dd0d5f7d97098a6c","hash":"dce1a7a58f747d65ee53b4503e7fb22a89ec8fc8"},"C:\\Users\\chadc\\Documents\\git-projects\\usproxy\\dist\\proxy\\data-map.js":{"path":"C:\\Users\\chadc\\Documents\\git-projects\\usproxy\\dist\\proxy\\data-map.js","statementMap":{"0":{"start":{"line":2,"column":0},"end":{"line":2,"column":62}},"1":{"start":{"line":5,"column":8},"end":{"line":5,"column":34}},"2":{"start":{"line":8,"column":0},"end":{"line":8,"column":26}}},"fnMap":{"0":{"name":"(anonymous_0)","decl":{"start":{"line":4,"column":4},"end":{"line":4,"column":5}},"loc":{"start":{"line":4,"column":15},"end":{"line":6,"column":5}},"line":4}},"branchMap":{},"s":{"0":1,"1":1,"2":1},"f":{"0":1},"b":{},"_coverageSchema":"332fd63041d2c1bcb487cc26dd0d5f7d97098a6c","hash":"57a6631e2a05a01ba15d7144a56e88776f7e177f"},"C:\\Users\\chadc\\Documents\\git-projects\\usproxy\\dist\\proxy\\proxy-request.js":{"path":"C:\\Users\\chadc\\Documents\\git-projects\\usproxy\\dist\\proxy\\proxy-request.js","statementMap":{"0":{"start":{"line":2,"column":0},"end":{"line":2,"column":62}},"1":{"start":{"line":4,"column":20},"end":{"line":4,"column":72}},"2":{"start":{"line":6,"column":0},"end":{"line":6,"column":36}}},"fnMap":{"0":{"name":"(anonymous_0)","decl":{"start":{"line":4,"column":4},"end":{"line":4,"column":5}},"loc":{"start":{"line":4,"column":18},"end":{"line":4,"column":74}},"line":4}},"branchMap":{},"s":{"0":1,"1":1,"2":1},"f":{"0":1},"b":{},"_coverageSchema":"332fd63041d2c1bcb487cc26dd0d5f7d97098a6c","hash":"f4470086e84aa13e74e0eac74cbadcc895f67fc7"},"C:\\Users\\chadc\\Documents\\git-projects\\usproxy\\dist\\proxy\\proxy-response.js":{"path":"C:\\Users\\chadc\\Documents\\git-projects\\usproxy\\dist\\proxy\\proxy-response.js","statementMap":{"0":{"start":{"line":2,"column":0},"end":{"line":2,"column":62}},"1":{"start":{"line":5,"column":8},"end":{"line":5,"column":23}},"2":{"start":{"line":8,"column":0},"end":{"line":8,"column":38}}},"fnMap":{"0":{"name":"(anonymous_0)","decl":{"start":{"line":4,"column":4},"end":{"line":4,"column":5}},"loc":{"start":{"line":4,"column":18},"end":{"line":6,"column":5}},"line":4}},"branchMap":{},"s":{"0":1,"1":20,"2":1},"f":{"0":20},"b":{},"_coverageSchema":"332fd63041d2c1bcb487cc26dd0d5f7d97098a6c","hash":"ccbafbfc7a55276a5311e40fdf7c2553957dce84"},"C:\\Users\\chadc\\Documents\\git-projects\\usproxy\\dist\\proxy\\proxy-listener-collection.js":{"path":"C:\\Users\\chadc\\Documents\\git-projects\\usproxy\\dist\\proxy\\proxy-listener-collection.js","statementMap":{"0":{"start":{"line":2,"column":0},"end":{"line":2,"column":62}},"1":{"start":{"line":3,"column":36},"end":{"line":3,"column":81}},"2":{"start":{"line":4,"column":16},"end":{"line":4,"column":37}},"3":{"start":{"line":7,"column":8},"end":{"line":7,"column":38}},"4":{"start":{"line":8,"column":8},"end":{"line":8,"column":38}},"5":{"start":{"line":9,"column":8},"end":{"line":9,"column":41}},"6":{"start":{"line":10,"column":8},"end":{"line":10,"column":40}},"7":{"start":{"line":11,"column":8},"end":{"line":11,"column":41}},"8":{"start":{"line":12,"column":8},"end":{"line":12,"column":43}},"9":{"start":{"line":13,"column":8},"end":{"line":13,"column":26}},"10":{"start":{"line":16,"column":8},"end":{"line":16,"column":48}},"11":{"start":{"line":19,"column":8},"end":{"line":19,"column":48}},"12":{"start":{"line":22,"column":8},"end":{"line":22,"column":51}},"13":{"start":{"line":25,"column":8},"end":{"line":25,"column":50}},"14":{"start":{"line":28,"column":8},"end":{"line":28,"column":51}},"15":{"start":{"line":31,"column":8},"end":{"line":31,"column":46}},"16":{"start":{"line":32,"column":8},"end":{"line":32,"column":123}},"17":{"start":{"line":35,"column":0},"end":{"line":35,"column":58}}},"fnMap":{"0":{"name":"(anonymous_0)","decl":{"start":{"line":6,"column":4},"end":{"line":6,"column":5}},"loc":{"start":{"line":6,"column":24},"end":{"line":14,"column":5}},"line":6},"1":{"name":"(anonymous_1)","decl":{"start":{"line":15,"column":4},"end":{"line":15,"column":5}},"loc":{"start":{"line":15,"column":31},"end":{"line":17,"column":5}},"line":15},"2":{"name":"(anonymous_2)","decl":{"start":{"line":18,"column":4},"end":{"line":18,"column":5}},"loc":{"start":{"line":18,"column":31},"end":{"line":20,"column":5}},"line":18},"3":{"name":"(anonymous_3)","decl":{"start":{"line":21,"column":4},"end":{"line":21,"column":5}},"loc":{"start":{"line":21,"column":34},"end":{"line":23,"column":5}},"line":21},"4":{"name":"(anonymous_4)","decl":{"start":{"line":24,"column":4},"end":{"line":24,"column":5}},"loc":{"start":{"line":24,"column":33},"end":{"line":26,"column":5}},"line":24},"5":{"name":"(anonymous_5)","decl":{"start":{"line":27,"column":4},"end":{"line":27,"column":5}},"loc":{"start":{"line":27,"column":34},"end":{"line":29,"column":5}},"line":27},"6":{"name":"(anonymous_6)","decl":{"start":{"line":30,"column":4},"end":{"line":30,"column":5}},"loc":{"start":{"line":30,"column":58},"end":{"line":33,"column":5}},"line":30}},"branchMap":{},"s":{"0":1,"1":1,"2":1,"3":20,"4":20,"5":20,"6":20,"7":20,"8":20,"9":20,"10":19,"11":1,"12":1,"13":18,"14":18,"15":1,"16":1,"17":1},"f":{"0":20,"1":19,"2":1,"3":1,"4":18,"5":18,"6":1},"b":{},"_coverageSchema":"332fd63041d2c1bcb487cc26dd0d5f7d97098a6c","hash":"e9a16fc9900db09c07c0a77a61c81cf8c9ffdd24"},"C:\\Users\\chadc\\Documents\\git-projects\\usproxy\\dist\\utils\\streaming-html-middleware.js":{"path":"C:\\Users\\chadc\\Documents\\git-projects\\usproxy\\dist\\utils\\streaming-html-middleware.js","statementMap":{"0":{"start":{"line":2,"column":0},"end":{"line":2,"column":62}},"1":{"start":{"line":5,"column":8},"end":{"line":5,"column":33}},"2":{"start":{"line":6,"column":8},"end":{"line":6,"column":39}},"3":{"start":{"line":8,"column":24},"end":{"line":8,"column":45}},"4":{"start":{"line":10,"column":28},"end":{"line":10,"column":52}},"5":{"start":{"line":12,"column":0},"end":{"line":12,"column":52}}},"fnMap":{"0":{"name":"(anonymous_0)","decl":{"start":{"line":4,"column":4},"end":{"line":4,"column":5}},"loc":{"start":{"line":4,"column":39},"end":{"line":7,"column":5}},"line":4},"1":{"name":"(anonymous_1)","decl":{"start":{"line":8,"column":4},"end":{"line":8,"column":5}},"loc":{"start":{"line":8,"column":22},"end":{"line":8,"column":47}},"line":8},"2":{"name":"(anonymous_2)","decl":{"start":{"line":10,"column":4},"end":{"line":10,"column":5}},"loc":{"start":{"line":10,"column":26},"end":{"line":10,"column":54}},"line":10}},"branchMap":{},"s":{"0":1,"1":3,"2":3,"3":2,"4":1,"5":1},"f":{"0":3,"1":2,"2":1},"b":{},"_coverageSchema":"332fd63041d2c1bcb487cc26dd0d5f7d97098a6c","hash":"57766169a1f9c7c5d9c4f75a2a44bda897aa67a4"},"C:\\Users\\chadc\\Documents\\git-projects\\usproxy\\dist\\logger.js":{"path":"C:\\Users\\chadc\\Documents\\git-projects\\usproxy\\dist\\logger.js","statementMap":{"0":{"start":{"line":2,"column":0},"end":{"line":2,"column":62}}},"fnMap":{},"branchMap":{},"s":{"0":1},"f":{},"b":{},"_coverageSchema":"332fd63041d2c1bcb487cc26dd0d5f7d97098a6c","hash":"a0dee58e4245df6ec651d72e5d16efc285b91dc0"},"C:\\Users\\chadc\\Documents\\git-projects\\usproxy\\dist\\proxy\\data-map-test.js":{"path":"C:\\Users\\chadc\\Documents\\git-projects\\usproxy\\dist\\proxy\\data-map-test.js","statementMap":{"0":{"start":{"line":2,"column":17},"end":{"line":7,"column":1}},"1":{"start":{"line":3,"column":12},"end":{"line":3,"column":28}},"2":{"start":{"line":3,"column":34},"end":{"line":3,"column":125}},"3":{"start":{"line":4,"column":4},"end":{"line":5,"column":150}},"4":{"start":{"line":4,"column":79},"end":{"line":4,"column":131}},"5":{"start":{"line":5,"column":9},"end":{"line":5,"column":150}},"6":{"start":{"line":5,"column":58},"end":{"line":5,"column":150}},"7":{"start":{"line":5,"column":81},"end":{"line":5,"column":150}},"8":{"start":{"line":6,"column":4},"end":{"line":6,"column":66}},"9":{"start":{"line":8,"column":17},"end":{"line":10,"column":1}},"10":{"start":{"line":9,"column":4},"end":{"line":9,"column":109}},"11":{"start":{"line":9,"column":79},"end":{"line":9,"column":109}},"12":{"start":{"line":11,"column":0},"end":{"line":11,"column":62}},"13":{"start":{"line":12,"column":27},"end":{"line":12,"column":54}},"14":{"start":{"line":13,"column":15},"end":{"line":13,"column":30}},"15":{"start":{"line":14,"column":19},"end":{"line":14,"column":40}},"16":{"start":{"line":15,"column":22},"end":{"line":23,"column":1}},"17":{"start":{"line":17,"column":8},"end":{"line":17,"column":24}},"18":{"start":{"line":18,"column":8},"end":{"line":18,"column":48}},"19":{"start":{"line":21,"column":8},"end":{"line":21,"column":52}},"20":{"start":{"line":24,"column":0},"end":{"line":29,"column":58}},"21":{"start":{"line":30,"column":0},"end":{"line":32,"column":20}},"22":{"start":{"line":33,"column":0},"end":{"line":33,"column":42}}},"fnMap":{"0":{"name":"(anonymous_0)","decl":{"start":{"line":2,"column":46},"end":{"line":2,"column":47}},"loc":{"start":{"line":2,"column":87},"end":{"line":7,"column":1}},"line":2},"1":{"name":"(anonymous_1)","decl":{"start":{"line":8,"column":46},"end":{"line":8,"column":47}},"loc":{"start":{"line":8,"column":62},"end":{"line":10,"column":1}},"line":8},"2":{"name":"(anonymous_2)","decl":{"start":{"line":16,"column":4},"end":{"line":16,"column":5}},"loc":{"start":{"line":16,"column":13},"end":{"line":19,"column":5}},"line":16},"3":{"name":"(anonymous_3)","decl":{"start":{"line":20,"column":4},"end":{"line":20,"column":5}},"loc":{"start":{"line":20,"column":25},"end":{"line":22,"column":5}},"line":20}},"branchMap":{"0":{"loc":{"start":{"line":2,"column":17},"end":{"line":7,"column":1}},"type":"binary-expr","locations":[{"start":{"line":2,"column":18},"end":{"line":2,"column":22}},{"start":{"line":2,"column":26},"end":{"line":2,"column":41}},{"start":{"line":2,"column":46},"end":{"line":7,"column":1}}],"line":2},"1":{"loc":{"start":{"line":3,"column":34},"end":{"line":3,"column":125}},"type":"cond-expr","locations":[{"start":{"line":3,"column":42},"end":{"line":3,"column":48}},{"start":{"line":3,"column":51},"end":{"line":3,"column":125}}],"line":3},"2":{"loc":{"start":{"line":3,"column":51},"end":{"line":3,"column":125}},"type":"cond-expr","locations":[{"start":{"line":3,"column":67},"end":{"line":3,"column":118}},{"start":{"line":3,"column":121},"end":{"line":3,"column":125}}],"line":3},"3":{"loc":{"start":{"line":4,"column":4},"end":{"line":5,"column":150}},"type":"if","locations":[{"start":{"line":4,"column":4},"end":{"line":5,"column":150}},{"start":{"line":4,"column":4},"end":{"line":5,"column":150}}],"line":4},"4":{"loc":{"start":{"line":4,"column":8},"end":{"line":4,"column":77}},"type":"binary-expr","locations":[{"start":{"line":4,"column":8},"end":{"line":4,"column":35}},{"start":{"line":4,"column":39},"end":{"line":4,"column":77}}],"line":4},"5":{"loc":{"start":{"line":5,"column":58},"end":{"line":5,"column":150}},"type":"if","locations":[{"start":{"line":5,"column":58},"end":{"line":5,"column":150}},{"start":{"line":5,"column":58},"end":{"line":5,"column":150}}],"line":5},"6":{"loc":{"start":{"line":5,"column":85},"end":{"line":5,"column":149}},"type":"binary-expr","locations":[{"start":{"line":5,"column":86},"end":{"line":5,"column":143}},{"start":{"line":5,"column":148},"end":{"line":5,"column":149}}],"line":5},"7":{"loc":{"start":{"line":5,"column":86},"end":{"line":5,"column":143}},"type":"cond-expr","locations":[{"start":{"line":5,"column":94},"end":{"line":5,"column":98}},{"start":{"line":5,"column":101},"end":{"line":5,"column":143}}],"line":5},"8":{"loc":{"start":{"line":5,"column":101},"end":{"line":5,"column":143}},"type":"cond-expr","locations":[{"start":{"line":5,"column":109},"end":{"line":5,"column":126}},{"start":{"line":5,"column":129},"end":{"line":5,"column":143}}],"line":5},"9":{"loc":{"start":{"line":6,"column":11},"end":{"line":6,"column":62}},"type":"binary-expr","locations":[{"start":{"line":6,"column":11},"end":{"line":6,"column":16}},{"start":{"line":6,"column":20},"end":{"line":6,"column":21}},{"start":{"line":6,"column":25},"end":{"line":6,"column":62}}],"line":6},"10":{"loc":{"start":{"line":8,"column":17},"end":{"line":10,"column":1}},"type":"binary-expr","locations":[{"start":{"line":8,"column":18},"end":{"line":8,"column":22}},{"start":{"line":8,"column":26},"end":{"line":8,"column":41}},{"start":{"line":8,"column":46},"end":{"line":10,"column":1}}],"line":8},"11":{"loc":{"start":{"line":9,"column":4},"end":{"line":9,"column":109}},"type":"if","locations":[{"start":{"line":9,"column":4},"end":{"line":9,"column":109}},{"start":{"line":9,"column":4},"end":{"line":9,"column":109}}],"line":9},"12":{"loc":{"start":{"line":9,"column":8},"end":{"line":9,"column":77}},"type":"binary-expr","locations":[{"start":{"line":9,"column":8},"end":{"line":9,"column":35}},{"start":{"line":9,"column":39},"end":{"line":9,"column":77}}],"line":9}},"s":{"0":1,"1":2,"2":2,"3":2,"4":0,"5":2,"6":5,"7":2,"8":2,"9":1,"10":3,"11":0,"12":1,"13":1,"14":1,"15":1,"16":1,"17":1,"18":1,"19":1,"20":1,"21":1,"22":1},"f":{"0":2,"1":3,"2":1,"3":1},"b":{"0":[1,1,1],"1":[1,1],"2":[1,0],"3":[0,2],"4":[2,2],"5":[2,3],"6":[2,2],"7":[1,1],"8":[1,0],"9":[2,1,1],"10":[1,1,1],"11":[0,3],"12":[3,3]},"_coverageSchema":"332fd63041d2c1bcb487cc26dd0d5f7d97098a6c","hash":"bfca19983b7fc03320c2c74c55b2aa4a2ed32209"},"C:\\Users\\chadc\\Documents\\git-projects\\usproxy\\dist\\proxy\\http-proxy-server-test.js":{"path":"C:\\Users\\chadc\\Documents\\git-projects\\usproxy\\dist\\proxy\\http-proxy-server-test.js","statementMap":{"0":{"start":{"line":2,"column":17},"end":{"line":7,"column":1}},"1":{"start":{"line":3,"column":12},"end":{"line":3,"column":28}},"2":{"start":{"line":3,"column":34},"end":{"line":3,"column":125}},"3":{"start":{"line":4,"column":4},"end":{"line":5,"column":150}},"4":{"start":{"line":4,"column":79},"end":{"line":4,"column":131}},"5":{"start":{"line":5,"column":9},"end":{"line":5,"column":150}},"6":{"start":{"line":5,"column":58},"end":{"line":5,"column":150}},"7":{"start":{"line":5,"column":81},"end":{"line":5,"column":150}},"8":{"start":{"line":6,"column":4},"end":{"line":6,"column":66}},"9":{"start":{"line":8,"column":17},"end":{"line":10,"column":1}},"10":{"start":{"line":9,"column":4},"end":{"line":9,"column":109}},"11":{"start":{"line":9,"column":79},"end":{"line":9,"column":109}},"12":{"start":{"line":11,"column":0},"end":{"line":11,"column":62}},"13":{"start":{"line":12,"column":27},"end":{"line":12,"column":54}},"14":{"start":{"line":13,"column":16},"end":{"line":13,"column":34}},"15":{"start":{"line":14,"column":15},"end":{"line":14,"column":30}},"16":{"start":{"line":15,"column":28},"end":{"line":15,"column":58}},"17":{"start":{"line":16,"column":24},"end":{"line":16,"column":50}},"18":{"start":{"line":17,"column":34},"end":{"line":17,"column":76}},"19":{"start":{"line":18,"column":25},"end":{"line":18,"column":55}},"20":{"start":{"line":19,"column":17},"end":{"line":19,"column":34}},"21":{"start":{"line":22,"column":8},"end":{"line":22,"column":53}},"22":{"start":{"line":23,"column":8},"end":{"line":23,"column":51}},"23":{"start":{"line":24,"column":8},"end":{"line":24,"column":55}},"24":{"start":{"line":25,"column":8},"end":{"line":25,"column":91}},"25":{"start":{"line":26,"column":8},"end":{"line":28,"column":11}},"26":{"start":{"line":26,"column":42},"end":{"line":26,"column":65}},"27":{"start":{"line":27,"column":12},"end":{"line":27,"column":31}},"28":{"start":{"line":29,"column":8},"end":{"line":31,"column":11}},"29":{"start":{"line":29,"column":42},"end":{"line":29,"column":68}},"30":{"start":{"line":30,"column":12},"end":{"line":30,"column":43}},"31":{"start":{"line":32,"column":8},"end":{"line":32,"column":68}},"32":{"start":{"line":32,"column":38},"end":{"line":32,"column":66}},"33":{"start":{"line":33,"column":8},"end":{"line":33,"column":65}},"34":{"start":{"line":33,"column":38},"end":{"line":33,"column":63}},"35":{"start":{"line":34,"column":8},"end":{"line":34,"column":163}},"36":{"start":{"line":35,"column":8},"end":{"line":35,"column":55}},"37":{"start":{"line":36,"column":8},"end":{"line":36,"column":58}},"38":{"start":{"line":37,"column":8},"end":{"line":37,"column":57}},"39":{"start":{"line":38,"column":8},"end":{"line":38,"column":73}},"40":{"start":{"line":39,"column":8},"end":{"line":39,"column":79}},"41":{"start":{"line":40,"column":8},"end":{"line":40,"column":77}},"42":{"start":{"line":41,"column":8},"end":{"line":41,"column":42}},"43":{"start":{"line":42,"column":8},"end":{"line":42,"column":24}},"44":{"start":{"line":45,"column":39},"end":{"line":56,"column":1}},"45":{"start":{"line":47,"column":16},"end":{"line":47,"column":34}},"46":{"start":{"line":48,"column":8},"end":{"line":48,"column":52}},"47":{"start":{"line":49,"column":8},"end":{"line":49,"column":120}},"48":{"start":{"line":49,"column":43},"end":{"line":49,"column":96}},"49":{"start":{"line":52,"column":16},"end":{"line":52,"column":34}},"50":{"start":{"line":53,"column":8},"end":{"line":53,"column":76}},"51":{"start":{"line":54,"column":8},"end":{"line":54,"column":131}},"52":{"start":{"line":54,"column":43},"end":{"line":54,"column":107}},"53":{"start":{"line":57,"column":0},"end":{"line":62,"column":82}},"54":{"start":{"line":63,"column":0},"end":{"line":68,"column":103}},"55":{"start":{"line":69,"column":0},"end":{"line":71,"column":37}},"56":{"start":{"line":72,"column":38},"end":{"line":95,"column":1}},"57":{"start":{"line":74,"column":16},"end":{"line":74,"column":34}},"58":{"start":{"line":75,"column":8},"end":{"line":75,"column":52}},"59":{"start":{"line":76,"column":8},"end":{"line":76,"column":52}},"60":{"start":{"line":77,"column":8},"end":{"line":77,"column":120}},"61":{"start":{"line":77,"column":43},"end":{"line":77,"column":96}},"62":{"start":{"line":80,"column":22},"end":{"line":80,"column":56}},"63":{"start":{"line":81,"column":22},"end":{"line":81,"column":24}},"64":{"start":{"line":82,"column":8},"end":{"line":82,"column":61}},"65":{"start":{"line":83,"column":8},"end":{"line":83,"column":86}},"66":{"start":{"line":84,"column":8},"end":{"line":84,"column":154}},"67":{"start":{"line":84,"column":43},"end":{"line":84,"column":130}},"68":{"start":{"line":87,"column":22},"end":{"line":87,"column":56}},"69":{"start":{"line":88,"column":22},"end":{"line":88,"column":24}},"70":{"start":{"line":89,"column":8},"end":{"line":91,"column":11}},"71":{"start":{"line":89,"column":42},"end":{"line":89,"column":129}},"72":{"start":{"line":90,"column":12},"end":{"line":90,"column":58}},"73":{"start":{"line":92,"column":8},"end":{"line":92,"column":61}},"74":{"start":{"line":93,"column":8},"end":{"line":93,"column":86}},"75":{"start":{"line":96,"column":0},"end":{"line":101,"column":81}},"76":{"start":{"line":102,"column":0},"end":{"line":107,"column":93}},"77":{"start":{"line":108,"column":0},"end":{"line":113,"column":108}},"78":{"start":{"line":114,"column":0},"end":{"line":116,"column":36}},"79":{"start":{"line":117,"column":38},"end":{"line":133,"column":1}},"80":{"start":{"line":119,"column":22},"end":{"line":119,"column":56}},"81":{"start":{"line":120,"column":22},"end":{"line":120,"column":24}},"82":{"start":{"line":121,"column":8},"end":{"line":121,"column":61}},"83":{"start":{"line":122,"column":8},"end":{"line":122,"column":36}},"84":{"start":{"line":123,"column":23},"end":{"line":123,"column":50}},"85":{"start":{"line":124,"column":18},"end":{"line":124,"column":20}},"86":{"start":{"line":125,"column":8},"end":{"line":125,"column":39}},"87":{"start":{"line":126,"column":8},"end":{"line":126,"column":41}},"88":{"start":{"line":127,"column":8},"end":{"line":127,"column":41}},"89":{"start":{"line":128,"column":8},"end":{"line":128,"column":36}},"90":{"start":{"line":129,"column":8},"end":{"line":129,"column":71}},"91":{"start":{"line":130,"column":8},"end":{"line":130,"column":29}},"92":{"start":{"line":131,"column":8},"end":{"line":131,"column":123}},"93":{"start":{"line":131,"column":46},"end":{"line":131,"column":99}},"94":{"start":{"line":134,"column":0},"end":{"line":139,"column":93}},"95":{"start":{"line":140,"column":0},"end":{"line":142,"column":36}},"96":{"start":{"line":143,"column":0},"end":{"line":143,"column":74}},"97":{"start":{"line":144,"column":35},"end":{"line":154,"column":1}},"98":{"start":{"line":146,"column":23},"end":{"line":146,"column":50}},"99":{"start":{"line":147,"column":18},"end":{"line":147,"column":20}},"100":{"start":{"line":148,"column":8},"end":{"line":148,"column":57}},"101":{"start":{"line":149,"column":8},"end":{"line":149,"column":67}},"102":{"start":{"line":150,"column":20},"end":{"line":150,"column":30}},"103":{"start":{"line":151,"column":8},"end":{"line":151,"column":37}},"104":{"start":{"line":152,"column":8},"end":{"line":152,"column":59}},"105":{"start":{"line":155,"column":0},"end":{"line":160,"column":79}},"106":{"start":{"line":161,"column":0},"end":{"line":163,"column":33}},"107":{"start":{"line":164,"column":25},"end":{"line":178,"column":1}},"108":{"start":{"line":166,"column":8},"end":{"line":166,"column":23}},"109":{"start":{"line":167,"column":8},"end":{"line":167,"column":47}},"110":{"start":{"line":168,"column":23},"end":{"line":168,"column":50}},"111":{"start":{"line":169,"column":8},"end":{"line":169,"column":72}},"112":{"start":{"line":172,"column":8},"end":{"line":172,"column":49}},"113":{"start":{"line":175,"column":8},"end":{"line":175,"column":57}},"114":{"start":{"line":176,"column":8},"end":{"line":176,"column":55}},"115":{"start":{"line":179,"column":0},"end":{"line":184,"column":82}},"116":{"start":{"line":185,"column":0},"end":{"line":190,"column":104}},"117":{"start":{"line":191,"column":0},"end":{"line":193,"column":23}},"118":{"start":{"line":194,"column":29},"end":{"line":209,"column":1}},"119":{"start":{"line":196,"column":8},"end":{"line":196,"column":23}},"120":{"start":{"line":197,"column":8},"end":{"line":197,"column":47}},"121":{"start":{"line":198,"column":23},"end":{"line":198,"column":50}},"122":{"start":{"line":199,"column":8},"end":{"line":199,"column":72}},"123":{"start":{"line":200,"column":8},"end":{"line":200,"column":43}},"124":{"start":{"line":203,"column":8},"end":{"line":203,"column":64}},"125":{"start":{"line":206,"column":8},"end":{"line":206,"column":35}},"126":{"start":{"line":207,"column":8},"end":{"line":207,"column":65}},"127":{"start":{"line":210,"column":0},"end":{"line":215,"column":69}},"128":{"start":{"line":216,"column":0},"end":{"line":221,"column":74}},"129":{"start":{"line":222,"column":0},"end":{"line":224,"column":27}},"130":{"start":{"line":225,"column":28},"end":{"line":256,"column":1}},"131":{"start":{"line":227,"column":8},"end":{"line":227,"column":23}},"132":{"start":{"line":228,"column":8},"end":{"line":228,"column":47}},"133":{"start":{"line":229,"column":23},"end":{"line":229,"column":50}},"134":{"start":{"line":231,"column":8},"end":{"line":231,"column":30}},"135":{"start":{"line":232,"column":8},"end":{"line":232,"column":30}},"136":{"start":{"line":233,"column":8},"end":{"line":233,"column":39}},"137":{"start":{"line":234,"column":8},"end":{"line":234,"column":32}},"138":{"start":{"line":235,"column":8},"end":{"line":235,"column":72}},"139":{"start":{"line":236,"column":8},"end":{"line":236,"column":29}},"140":{"start":{"line":239,"column":8},"end":{"line":239,"column":58}},"141":{"start":{"line":242,"column":8},"end":{"line":242,"column":59}},"142":{"start":{"line":245,"column":8},"end":{"line":245,"column":63}},"143":{"start":{"line":248,"column":8},"end":{"line":248,"column":60}},"144":{"start":{"line":251,"column":8},"end":{"line":251,"column":73}},"145":{"start":{"line":254,"column":8},"end":{"line":254,"column":122}},"146":{"start":{"line":254,"column":45},"end":{"line":254,"column":98}},"147":{"start":{"line":257,"column":0},"end":{"line":262,"column":67}},"148":{"start":{"line":263,"column":0},"end":{"line":268,"column":68}},"149":{"start":{"line":269,"column":0},"end":{"line":274,"column":72}},"150":{"start":{"line":275,"column":0},"end":{"line":280,"column":70}},"151":{"start":{"line":281,"column":0},"end":{"line":286,"column":71}},"152":{"start":{"line":287,"column":0},"end":{"line":292,"column":69}},"153":{"start":{"line":293,"column":0},"end":{"line":295,"column":26}}},"fnMap":{"0":{"name":"(anonymous_0)","decl":{"start":{"line":2,"column":46},"end":{"line":2,"column":47}},"loc":{"start":{"line":2,"column":87},"end":{"line":7,"column":1}},"line":2},"1":{"name":"(anonymous_1)","decl":{"start":{"line":8,"column":46},"end":{"line":8,"column":47}},"loc":{"start":{"line":8,"column":62},"end":{"line":10,"column":1}},"line":8},"2":{"name":"(anonymous_2)","decl":{"start":{"line":21,"column":4},"end":{"line":21,"column":5}},"loc":{"start":{"line":21,"column":13},"end":{"line":43,"column":5}},"line":21},"3":{"name":"(anonymous_3)","decl":{"start":{"line":26,"column":37},"end":{"line":26,"column":38}},"loc":{"start":{"line":26,"column":42},"end":{"line":26,"column":65}},"line":26},"4":{"name":"(anonymous_4)","decl":{"start":{"line":26,"column":75},"end":{"line":26,"column":76}},"loc":{"start":{"line":26,"column":81},"end":{"line":28,"column":9}},"line":26},"5":{"name":"(anonymous_5)","decl":{"start":{"line":29,"column":37},"end":{"line":29,"column":38}},"loc":{"start":{"line":29,"column":42},"end":{"line":29,"column":68}},"line":29},"6":{"name":"(anonymous_6)","decl":{"start":{"line":29,"column":78},"end":{"line":29,"column":79}},"loc":{"start":{"line":29,"column":84},"end":{"line":31,"column":9}},"line":29},"7":{"name":"(anonymous_7)","decl":{"start":{"line":30,"column":19},"end":{"line":30,"column":20}},"loc":{"start":{"line":30,"column":39},"end":{"line":30,"column":42}},"line":30},"8":{"name":"(anonymous_8)","decl":{"start":{"line":32,"column":33},"end":{"line":32,"column":34}},"loc":{"start":{"line":32,"column":38},"end":{"line":32,"column":66}},"line":32},"9":{"name":"(anonymous_9)","decl":{"start":{"line":33,"column":33},"end":{"line":33,"column":34}},"loc":{"start":{"line":33,"column":38},"end":{"line":33,"column":63}},"line":33},"10":{"name":"(anonymous_10)","decl":{"start":{"line":46,"column":4},"end":{"line":46,"column":5}},"loc":{"start":{"line":46,"column":32},"end":{"line":50,"column":5}},"line":46},"11":{"name":"(anonymous_11)","decl":{"start":{"line":49,"column":38},"end":{"line":49,"column":39}},"loc":{"start":{"line":49,"column":43},"end":{"line":49,"column":96}},"line":49},"12":{"name":"(anonymous_12)","decl":{"start":{"line":51,"column":4},"end":{"line":51,"column":5}},"loc":{"start":{"line":51,"column":53},"end":{"line":55,"column":5}},"line":51},"13":{"name":"(anonymous_13)","decl":{"start":{"line":54,"column":38},"end":{"line":54,"column":39}},"loc":{"start":{"line":54,"column":43},"end":{"line":54,"column":107}},"line":54},"14":{"name":"(anonymous_14)","decl":{"start":{"line":73,"column":4},"end":{"line":73,"column":5}},"loc":{"start":{"line":73,"column":32},"end":{"line":78,"column":5}},"line":73},"15":{"name":"(anonymous_15)","decl":{"start":{"line":77,"column":38},"end":{"line":77,"column":39}},"loc":{"start":{"line":77,"column":43},"end":{"line":77,"column":96}},"line":77},"16":{"name":"(anonymous_16)","decl":{"start":{"line":79,"column":4},"end":{"line":79,"column":5}},"loc":{"start":{"line":79,"column":44},"end":{"line":85,"column":5}},"line":79},"17":{"name":"(anonymous_17)","decl":{"start":{"line":84,"column":38},"end":{"line":84,"column":39}},"loc":{"start":{"line":84,"column":43},"end":{"line":84,"column":130}},"line":84},"18":{"name":"(anonymous_18)","decl":{"start":{"line":86,"column":4},"end":{"line":86,"column":5}},"loc":{"start":{"line":86,"column":59},"end":{"line":94,"column":5}},"line":86},"19":{"name":"(anonymous_19)","decl":{"start":{"line":89,"column":37},"end":{"line":89,"column":38}},"loc":{"start":{"line":89,"column":42},"end":{"line":89,"column":129}},"line":89},"20":{"name":"(anonymous_20)","decl":{"start":{"line":89,"column":140},"end":{"line":89,"column":141}},"loc":{"start":{"line":89,"column":150},"end":{"line":91,"column":9}},"line":89},"21":{"name":"(anonymous_21)","decl":{"start":{"line":118,"column":4},"end":{"line":118,"column":5}},"loc":{"start":{"line":118,"column":44},"end":{"line":132,"column":5}},"line":118},"22":{"name":"(anonymous_22)","decl":{"start":{"line":131,"column":41},"end":{"line":131,"column":42}},"loc":{"start":{"line":131,"column":46},"end":{"line":131,"column":99}},"line":131},"23":{"name":"(anonymous_23)","decl":{"start":{"line":145,"column":4},"end":{"line":145,"column":5}},"loc":{"start":{"line":145,"column":33},"end":{"line":153,"column":5}},"line":145},"24":{"name":"(anonymous_24)","decl":{"start":{"line":165,"column":4},"end":{"line":165,"column":5}},"loc":{"start":{"line":165,"column":13},"end":{"line":170,"column":5}},"line":165},"25":{"name":"(anonymous_25)","decl":{"start":{"line":171,"column":4},"end":{"line":171,"column":5}},"loc":{"start":{"line":171,"column":46},"end":{"line":173,"column":5}},"line":171},"26":{"name":"(anonymous_26)","decl":{"start":{"line":174,"column":4},"end":{"line":174,"column":5}},"loc":{"start":{"line":174,"column":68},"end":{"line":177,"column":5}},"line":174},"27":{"name":"(anonymous_27)","decl":{"start":{"line":195,"column":4},"end":{"line":195,"column":5}},"loc":{"start":{"line":195,"column":13},"end":{"line":201,"column":5}},"line":195},"28":{"name":"(anonymous_28)","decl":{"start":{"line":202,"column":4},"end":{"line":202,"column":5}},"loc":{"start":{"line":202,"column":29},"end":{"line":204,"column":5}},"line":202},"29":{"name":"(anonymous_29)","decl":{"start":{"line":205,"column":4},"end":{"line":205,"column":5}},"loc":{"start":{"line":205,"column":34},"end":{"line":208,"column":5}},"line":205},"30":{"name":"(anonymous_30)","decl":{"start":{"line":226,"column":4},"end":{"line":226,"column":5}},"loc":{"start":{"line":226,"column":13},"end":{"line":237,"column":5}},"line":226},"31":{"name":"(anonymous_31)","decl":{"start":{"line":238,"column":4},"end":{"line":238,"column":5}},"loc":{"start":{"line":238,"column":28},"end":{"line":240,"column":5}},"line":238},"32":{"name":"(anonymous_32)","decl":{"start":{"line":241,"column":4},"end":{"line":241,"column":5}},"loc":{"start":{"line":241,"column":29},"end":{"line":243,"column":5}},"line":241},"33":{"name":"(anonymous_33)","decl":{"start":{"line":244,"column":4},"end":{"line":244,"column":5}},"loc":{"start":{"line":244,"column":33},"end":{"line":246,"column":5}},"line":244},"34":{"name":"(anonymous_34)","decl":{"start":{"line":247,"column":4},"end":{"line":247,"column":5}},"loc":{"start":{"line":247,"column":31},"end":{"line":249,"column":5}},"line":247},"35":{"name":"(anonymous_35)","decl":{"start":{"line":250,"column":4},"end":{"line":250,"column":5}},"loc":{"start":{"line":250,"column":32},"end":{"line":252,"column":5}},"line":250},"36":{"name":"(anonymous_36)","decl":{"start":{"line":253,"column":4},"end":{"line":253,"column":5}},"loc":{"start":{"line":253,"column":30},"end":{"line":255,"column":5}},"line":253},"37":{"name":"(anonymous_37)","decl":{"start":{"line":254,"column":40},"end":{"line":254,"column":41}},"loc":{"start":{"line":254,"column":45},"end":{"line":254,"column":98}},"line":254}},"branchMap":{"0":{"loc":{"start":{"line":2,"column":17},"end":{"line":7,"column":1}},"type":"binary-expr","locations":[{"start":{"line":2,"column":18},"end":{"line":2,"column":22}},{"start":{"line":2,"column":26},"end":{"line":2,"column":41}},{"start":{"line":2,"column":46},"end":{"line":7,"column":1}}],"line":2},"1":{"loc":{"start":{"line":3,"column":34},"end":{"line":3,"column":125}},"type":"cond-expr","locations":[{"start":{"line":3,"column":42},"end":{"line":3,"column":48}},{"start":{"line":3,"column":51},"end":{"line":3,"column":125}}],"line":3},"2":{"loc":{"start":{"line":3,"column":51},"end":{"line":3,"column":125}},"type":"cond-expr","locations":[{"start":{"line":3,"column":67},"end":{"line":3,"column":118}},{"start":{"line":3,"column":121},"end":{"line":3,"column":125}}],"line":3},"3":{"loc":{"start":{"line":4,"column":4},"end":{"line":5,"column":150}},"type":"if","locations":[{"start":{"line":4,"column":4},"end":{"line":5,"column":150}},{"start":{"line":4,"column":4},"end":{"line":5,"column":150}}],"line":4},"4":{"loc":{"start":{"line":4,"column":8},"end":{"line":4,"column":77}},"type":"binary-expr","locations":[{"start":{"line":4,"column":8},"end":{"line":4,"column":35}},{"start":{"line":4,"column":39},"end":{"line":4,"column":77}}],"line":4},"5":{"loc":{"start":{"line":5,"column":58},"end":{"line":5,"column":150}},"type":"if","locations":[{"start":{"line":5,"column":58},"end":{"line":5,"column":150}},{"start":{"line":5,"column":58},"end":{"line":5,"column":150}}],"line":5},"6":{"loc":{"start":{"line":5,"column":85},"end":{"line":5,"column":149}},"type":"binary-expr","locations":[{"start":{"line":5,"column":86},"end":{"line":5,"column":143}},{"start":{"line":5,"column":148},"end":{"line":5,"column":149}}],"line":5},"7":{"loc":{"start":{"line":5,"column":86},"end":{"line":5,"column":143}},"type":"cond-expr","locations":[{"start":{"line":5,"column":94},"end":{"line":5,"column":98}},{"start":{"line":5,"column":101},"end":{"line":5,"column":143}}],"line":5},"8":{"loc":{"start":{"line":5,"column":101},"end":{"line":5,"column":143}},"type":"cond-expr","locations":[{"start":{"line":5,"column":109},"end":{"line":5,"column":126}},{"start":{"line":5,"column":129},"end":{"line":5,"column":143}}],"line":5},"9":{"loc":{"start":{"line":6,"column":11},"end":{"line":6,"column":62}},"type":"binary-expr","locations":[{"start":{"line":6,"column":11},"end":{"line":6,"column":16}},{"start":{"line":6,"column":20},"end":{"line":6,"column":21}},{"start":{"line":6,"column":25},"end":{"line":6,"column":62}}],"line":6},"10":{"loc":{"start":{"line":8,"column":17},"end":{"line":10,"column":1}},"type":"binary-expr","locations":[{"start":{"line":8,"column":18},"end":{"line":8,"column":22}},{"start":{"line":8,"column":26},"end":{"line":8,"column":41}},{"start":{"line":8,"column":46},"end":{"line":10,"column":1}}],"line":8},"11":{"loc":{"start":{"line":9,"column":4},"end":{"line":9,"column":109}},"type":"if","locations":[{"start":{"line":9,"column":4},"end":{"line":9,"column":109}},{"start":{"line":9,"column":4},"end":{"line":9,"column":109}}],"line":9},"12":{"loc":{"start":{"line":9,"column":8},"end":{"line":9,"column":77}},"type":"binary-expr","locations":[{"start":{"line":9,"column":8},"end":{"line":9,"column":35}},{"start":{"line":9,"column":39},"end":{"line":9,"column":77}}],"line":9}},"s":{"0":1,"1":24,"2":24,"3":24,"4":0,"5":24,"6":75,"7":24,"8":24,"9":1,"10":51,"11":0,"12":1,"13":1,"14":1,"15":1,"16":1,"17":1,"18":1,"19":1,"20":1,"21":17,"22":17,"23":17,"24":17,"25":17,"26":17,"27":17,"28":17,"29":17,"30":17,"31":17,"32":17,"33":17,"34":17,"35":17,"36":17,"37":17,"38":17,"39":17,"40":17,"41":17,"42":17,"43":17,"44":1,"45":1,"46":1,"47":1,"48":1,"49":1,"50":1,"51":1,"52":1,"53":1,"54":1,"55":1,"56":1,"57":1,"58":1,"59":1,"60":1,"61":1,"62":1,"63":1,"64":1,"65":1,"66":1,"67":1,"68":1,"69":1,"70":1,"71":1,"72":1,"73":1,"74":1,"75":1,"76":1,"77":1,"78":1,"79":1,"80":1,"81":1,"82":1,"83":1,"84":1,"85":1,"86":1,"87":1,"88":1,"89":1,"90":1,"91":1,"92":1,"93":1,"94":1,"95":1,"96":1,"97":1,"98":1,"99":1,"100":1,"101":1,"102":1,"103":1,"104":1,"105":1,"106":1,"107":1,"108":2,"109":2,"110":2,"111":2,"112":1,"113":1,"114":1,"115":1,"116":1,"117":1,"118":1,"119":2,"120":2,"121":2,"122":2,"123":2,"124":1,"125":1,"126":1,"127":1,"128":1,"129":1,"130":1,"131":6,"132":6,"133":6,"134":6,"135":6,"136":6,"137":6,"138":6,"139":6,"140":1,"141":1,"142":1,"143":1,"144":1,"145":1,"146":1,"147":1,"148":1,"149":1,"150":1,"151":1,"152":1,"153":1},"f":{"0":24,"1":51,"2":17,"3":17,"4":17,"5":17,"6":17,"7":0,"8":17,"9":17,"10":1,"11":1,"12":1,"13":1,"14":1,"15":1,"16":1,"17":1,"18":1,"19":1,"20":1,"21":1,"22":1,"23":1,"24":2,"25":1,"26":1,"27":2,"28":1,"29":1,"30":6,"31":1,"32":1,"33":1,"34":1,"35":1,"36":1,"37":1},"b":{"0":[1,1,1],"1":[7,17],"2":[17,0],"3":[0,24],"4":[24,24],"5":[24,51],"6":[24,24],"7":[7,17],"8":[17,0],"9":[24,17,17],"10":[1,1,1],"11":[0,51],"12":[51,51]},"_coverageSchema":"332fd63041d2c1bcb487cc26dd0d5f7d97098a6c","hash":"99a65c709778e25f64623ed6ba7f5f4b37bda66c"},"C:\\Users\\chadc\\Documents\\git-projects\\usproxy\\dist\\proxy\\http-proxy-server.js":{"path":"C:\\Users\\chadc\\Documents\\git-projects\\usproxy\\dist\\proxy\\http-proxy-server.js","statementMap":{"0":{"start":{"line":2,"column":0},"end":{"line":2,"column":62}},"1":{"start":{"line":3,"column":36},"end":{"line":3,"column":74}},"2":{"start":{"line":4,"column":24},"end":{"line":4,"column":50}},"3":{"start":{"line":7,"column":8},"end":{"line":7,"column":35}},"4":{"start":{"line":8,"column":8},"end":{"line":8,"column":35}},"5":{"start":{"line":9,"column":8},"end":{"line":9,"column":23}},"6":{"start":{"line":10,"column":8},"end":{"line":10,"column":86}},"7":{"start":{"line":11,"column":8},"end":{"line":11,"column":39}},"8":{"start":{"line":12,"column":8},"end":{"line":12,"column":63}},"9":{"start":{"line":15,"column":8},"end":{"line":15,"column":35}},"10":{"start":{"line":16,"column":8},"end":{"line":16,"column":37}},"11":{"start":{"line":17,"column":8},"end":{"line":17,"column":38}},"12":{"start":{"line":18,"column":8},"end":{"line":18,"column":31}},"13":{"start":{"line":19,"column":8},"end":{"line":19,"column":73}},"14":{"start":{"line":20,"column":8},"end":{"line":20,"column":36}},"15":{"start":{"line":23,"column":8},"end":{"line":23,"column":55}},"16":{"start":{"line":26,"column":8},"end":{"line":26,"column":50}},"17":{"start":{"line":29,"column":8},"end":{"line":29,"column":53}},"18":{"start":{"line":32,"column":8},"end":{"line":32,"column":52}},"19":{"start":{"line":35,"column":8},"end":{"line":35,"column":53}},"20":{"start":{"line":38,"column":8},"end":{"line":38,"column":77}},"21":{"start":{"line":41,"column":8},"end":{"line":50,"column":11}},"22":{"start":{"line":42,"column":12},"end":{"line":49,"column":15}},"23":{"start":{"line":43,"column":16},"end":{"line":48,"column":58}},"24":{"start":{"line":44,"column":20},"end":{"line":44,"column":46}},"25":{"start":{"line":45,"column":20},"end":{"line":45,"column":64}},"26":{"start":{"line":48,"column":20},"end":{"line":48,"column":58}},"27":{"start":{"line":53,"column":8},"end":{"line":71,"column":11}},"28":{"start":{"line":54,"column":26},"end":{"line":54,"column":60}},"29":{"start":{"line":55,"column":12},"end":{"line":55,"column":38}},"30":{"start":{"line":56,"column":12},"end":{"line":56,"column":34}},"31":{"start":{"line":57,"column":32},"end":{"line":57,"column":37}},"32":{"start":{"line":58,"column":12},"end":{"line":61,"column":15}},"33":{"start":{"line":59,"column":16},"end":{"line":59,"column":37}},"34":{"start":{"line":60,"column":16},"end":{"line":60,"column":46}},"35":{"start":{"line":62,"column":12},"end":{"line":70,"column":15}},"36":{"start":{"line":63,"column":16},"end":{"line":63,"column":46}},"37":{"start":{"line":64,"column":16},"end":{"line":64,"column":56}},"38":{"start":{"line":65,"column":16},"end":{"line":65,"column":50}},"39":{"start":{"line":66,"column":16},"end":{"line":66,"column":52}},"40":{"start":{"line":67,"column":16},"end":{"line":69,"column":19}},"41":{"start":{"line":68,"column":20},"end":{"line":68,"column":60}},"42":{"start":{"line":74,"column":8},"end":{"line":87,"column":11}},"43":{"start":{"line":75,"column":26},"end":{"line":75,"column":37}},"44":{"start":{"line":76,"column":32},"end":{"line":76,"column":37}},"45":{"start":{"line":77,"column":12},"end":{"line":79,"column":15}},"46":{"start":{"line":78,"column":16},"end":{"line":78,"column":64}},"47":{"start":{"line":80,"column":12},"end":{"line":86,"column":15}},"48":{"start":{"line":81,"column":16},"end":{"line":81,"column":60}},"49":{"start":{"line":82,"column":16},"end":{"line":82,"column":66}},"50":{"start":{"line":83,"column":16},"end":{"line":85,"column":19}},"51":{"start":{"line":84,"column":20},"end":{"line":84,"column":60}},"52":{"start":{"line":90,"column":8},"end":{"line":90,"column":160}},"53":{"start":{"line":91,"column":8},"end":{"line":91,"column":82}},"54":{"start":{"line":92,"column":8},"end":{"line":92,"column":72}},"55":{"start":{"line":92,"column":43},"end":{"line":92,"column":68}},"56":{"start":{"line":95,"column":0},"end":{"line":95,"column":42}}},"fnMap":{"0":{"name":"(anonymous_0)","decl":{"start":{"line":6,"column":4},"end":{"line":6,"column":5}},"loc":{"start":{"line":6,"column":76},"end":{"line":13,"column":5}},"line":6},"1":{"name":"(anonymous_1)","decl":{"start":{"line":14,"column":4},"end":{"line":14,"column":5}},"loc":{"start":{"line":14,"column":25},"end":{"line":21,"column":5}},"line":14},"2":{"name":"(anonymous_2)","decl":{"start":{"line":22,"column":4},"end":{"line":22,"column":5}},"loc":{"start":{"line":22,"column":36},"end":{"line":24,"column":5}},"line":22},"3":{"name":"(anonymous_3)","decl":{"start":{"line":25,"column":4},"end":{"line":25,"column":5}},"loc":{"start":{"line":25,"column":31},"end":{"line":27,"column":5}},"line":25},"4":{"name":"(anonymous_4)","decl":{"start":{"line":28,"column":4},"end":{"line":28,"column":5}},"loc":{"start":{"line":28,"column":34},"end":{"line":30,"column":5}},"line":28},"5":{"name":"(anonymous_5)","decl":{"start":{"line":31,"column":4},"end":{"line":31,"column":5}},"loc":{"start":{"line":31,"column":33},"end":{"line":33,"column":5}},"line":31},"6":{"name":"(anonymous_6)","decl":{"start":{"line":34,"column":4},"end":{"line":34,"column":5}},"loc":{"start":{"line":34,"column":34},"end":{"line":36,"column":5}},"line":34},"7":{"name":"(anonymous_7)","decl":{"start":{"line":37,"column":4},"end":{"line":37,"column":5}},"loc":{"start":{"line":37,"column":58},"end":{"line":39,"column":5}},"line":37},"8":{"name":"(anonymous_8)","decl":{"start":{"line":40,"column":4},"end":{"line":40,"column":5}},"loc":{"start":{"line":40,"column":26},"end":{"line":51,"column":5}},"line":40},"9":{"name":"(anonymous_9)","decl":{"start":{"line":41,"column":51},"end":{"line":41,"column":52}},"loc":{"start":{"line":41,"column":65},"end":{"line":50,"column":9}},"line":41},"10":{"name":"(anonymous_10)","decl":{"start":{"line":42,"column":35},"end":{"line":42,"column":36}},"loc":{"start":{"line":42,"column":62},"end":{"line":49,"column":13}},"line":42},"11":{"name":"(anonymous_11)","decl":{"start":{"line":52,"column":4},"end":{"line":52,"column":5}},"loc":{"start":{"line":52,"column":28},"end":{"line":72,"column":5}},"line":52},"12":{"name":"(anonymous_12)","decl":{"start":{"line":53,"column":34},"end":{"line":53,"column":35}},"loc":{"start":{"line":53,"column":58},"end":{"line":71,"column":9}},"line":53},"13":{"name":"(anonymous_13)","decl":{"start":{"line":58,"column":27},"end":{"line":58,"column":28}},"loc":{"start":{"line":58,"column":38},"end":{"line":61,"column":13}},"line":58},"14":{"name":"(anonymous_14)","decl":{"start":{"line":62,"column":26},"end":{"line":62,"column":27}},"loc":{"start":{"line":62,"column":32},"end":{"line":70,"column":13}},"line":62},"15":{"name":"(anonymous_15)","decl":{"start":{"line":67,"column":61},"end":{"line":67,"column":62}},"loc":{"start":{"line":67,"column":75},"end":{"line":69,"column":17}},"line":67},"16":{"name":"(anonymous_16)","decl":{"start":{"line":73,"column":4},"end":{"line":73,"column":5}},"loc":{"start":{"line":73,"column":29},"end":{"line":88,"column":5}},"line":73},"17":{"name":"(anonymous_17)","decl":{"start":{"line":74,"column":34},"end":{"line":74,"column":35}},"loc":{"start":{"line":74,"column":58},"end":{"line":87,"column":9}},"line":74},"18":{"name":"(anonymous_18)","decl":{"start":{"line":77,"column":32},"end":{"line":77,"column":33}},"loc":{"start":{"line":77,"column":43},"end":{"line":79,"column":13}},"line":77},"19":{"name":"(anonymous_19)","decl":{"start":{"line":80,"column":31},"end":{"line":80,"column":32}},"loc":{"start":{"line":80,"column":37},"end":{"line":86,"column":13}},"line":80},"20":{"name":"(anonymous_20)","decl":{"start":{"line":83,"column":62},"end":{"line":83,"column":63}},"loc":{"start":{"line":83,"column":76},"end":{"line":85,"column":17}},"line":83},"21":{"name":"(anonymous_21)","decl":{"start":{"line":89,"column":4},"end":{"line":89,"column":5}},"loc":{"start":{"line":89,"column":22},"end":{"line":93,"column":5}},"line":89},"22":{"name":"(anonymous_22)","decl":{"start":{"line":92,"column":27},"end":{"line":92,"column":28}},"loc":{"start":{"line":92,"column":41},"end":{"line":92,"column":70}},"line":92}},"branchMap":{"0":{"loc":{"start":{"line":43,"column":16},"end":{"line":48,"column":58}},"type":"if","locations":[{"start":{"line":43,"column":16},"end":{"line":48,"column":58}},{"start":{"line":43,"column":16},"end":{"line":48,"column":58}}],"line":43}},"s":{"0":1,"1":1,"2":1,"3":17,"4":17,"5":17,"6":17,"7":17,"8":17,"9":17,"10":17,"11":17,"12":17,"13":17,"14":17,"15":17,"16":0,"17":0,"18":17,"19":17,"20":0,"21":17,"22":17,"23":5,"24":2,"25":2,"26":3,"27":17,"28":10,"29":10,"30":10,"31":10,"32":10,"33":3,"34":3,"35":10,"36":6,"37":6,"38":6,"39":6,"40":6,"41":6,"42":17,"43":2,"44":2,"45":2,"46":1,"47":2,"48":1,"49":1,"50":1,"51":1,"52":17,"53":17,"54":17,"55":0,"56":1},"f":{"0":17,"1":17,"2":17,"3":0,"4":0,"5":17,"6":17,"7":0,"8":17,"9":17,"10":5,"11":17,"12":10,"13":3,"14":6,"15":6,"16":17,"17":2,"18":1,"19":1,"20":1,"21":17,"22":0},"b":{"0":[2,3]},"_coverageSchema":"332fd63041d2c1bcb487cc26dd0d5f7d97098a6c","hash":"02ba8fbbe2775fb17eb21fa73b98be4ecd7e85c6"},"C:\\Users\\chadc\\Documents\\git-projects\\usproxy\\dist\\proxy\\mocks\\mock-proxyevent-emitter.js":{"path":"C:\\Users\\chadc\\Documents\\git-projects\\usproxy\\dist\\proxy\\mocks\\mock-proxyevent-emitter.js","statementMap":{"0":{"start":{"line":2,"column":0},"end":{"line":2,"column":62}},"1":{"start":{"line":3,"column":17},"end":{"line":3,"column":34}},"2":{"start":{"line":26,"column":0},"end":{"line":26,"column":54}}},"fnMap":{},"branchMap":{},"s":{"0":1,"1":1,"2":1},"f":{},"b":{},"_coverageSchema":"332fd63041d2c1bcb487cc26dd0d5f7d97098a6c","hash":"4a1cf0717449f7085be61310f8de1e953a5a5bbd"},"C:\\Users\\chadc\\Documents\\git-projects\\usproxy\\dist\\proxy\\http-proxymw-server-test.js":{"path":"C:\\Users\\chadc\\Documents\\git-projects\\usproxy\\dist\\proxy\\http-proxymw-server-test.js","statementMap":{"0":{"start":{"line":2,"column":17},"end":{"line":7,"column":1}},"1":{"start":{"line":3,"column":12},"end":{"line":3,"column":28}},"2":{"start":{"line":3,"column":34},"end":{"line":3,"column":125}},"3":{"start":{"line":4,"column":4},"end":{"line":5,"column":150}},"4":{"start":{"line":4,"column":79},"end":{"line":4,"column":131}},"5":{"start":{"line":5,"column":9},"end":{"line":5,"column":150}},"6":{"start":{"line":5,"column":58},"end":{"line":5,"column":150}},"7":{"start":{"line":5,"column":81},"end":{"line":5,"column":150}},"8":{"start":{"line":6,"column":4},"end":{"line":6,"column":66}},"9":{"start":{"line":8,"column":17},"end":{"line":10,"column":1}},"10":{"start":{"line":9,"column":4},"end":{"line":9,"column":109}},"11":{"start":{"line":9,"column":79},"end":{"line":9,"column":109}},"12":{"start":{"line":11,"column":0},"end":{"line":11,"column":62}},"13":{"start":{"line":12,"column":34},"end":{"line":12,"column":76}},"14":{"start":{"line":13,"column":30},"end":{"line":13,"column":62}},"15":{"start":{"line":14,"column":25},"end":{"line":14,"column":53}},"16":{"start":{"line":15,"column":16},"end":{"line":15,"column":34}},"17":{"start":{"line":16,"column":27},"end":{"line":16,"column":54}},"18":{"start":{"line":19,"column":8},"end":{"line":19,"column":53}},"19":{"start":{"line":20,"column":8},"end":{"line":20,"column":41}},"20":{"start":{"line":21,"column":8},"end":{"line":21,"column":47}},"21":{"start":{"line":22,"column":8},"end":{"line":22,"column":87}},"22":{"start":{"line":23,"column":8},"end":{"line":23,"column":151}},"23":{"start":{"line":26,"column":48},"end":{"line":37,"column":1}},"24":{"start":{"line":28,"column":8},"end":{"line":28,"column":23}},"25":{"start":{"line":29,"column":8},"end":{"line":29,"column":51}},"26":{"start":{"line":30,"column":8},"end":{"line":30,"column":67}},"27":{"start":{"line":31,"column":8},"end":{"line":31,"column":36}},"28":{"start":{"line":32,"column":8},"end":{"line":32,"column":83}},"29":{"start":{"line":35,"column":8},"end":{"line":35,"column":116}},"30":{"start":{"line":35,"column":39},"end":{"line":35,"column":92}},"31":{"start":{"line":38,"column":0},"end":{"line":43,"column":92}},"32":{"start":{"line":44,"column":0},"end":{"line":46,"column":46}},"33":{"start":{"line":47,"column":60},"end":{"line":50,"column":1}},"34":{"start":{"line":51,"column":0},"end":{"line":56,"column":82}},"35":{"start":{"line":57,"column":0},"end":{"line":59,"column":58}}},"fnMap":{"0":{"name":"(anonymous_0)","decl":{"start":{"line":2,"column":46},"end":{"line":2,"column":47}},"loc":{"start":{"line":2,"column":87},"end":{"line":7,"column":1}},"line":2},"1":{"name":"(anonymous_1)","decl":{"start":{"line":8,"column":46},"end":{"line":8,"column":47}},"loc":{"start":{"line":8,"column":62},"end":{"line":10,"column":1}},"line":8},"2":{"name":"(anonymous_2)","decl":{"start":{"line":18,"column":4},"end":{"line":18,"column":5}},"loc":{"start":{"line":18,"column":13},"end":{"line":24,"column":5}},"line":18},"3":{"name":"(anonymous_3)","decl":{"start":{"line":27,"column":4},"end":{"line":27,"column":5}},"loc":{"start":{"line":27,"column":13},"end":{"line":33,"column":5}},"line":27},"4":{"name":"(anonymous_4)","decl":{"start":{"line":34,"column":4},"end":{"line":34,"column":5}},"loc":{"start":{"line":34,"column":33},"end":{"line":36,"column":5}},"line":34},"5":{"name":"(anonymous_5)","decl":{"start":{"line":35,"column":34},"end":{"line":35,"column":35}},"loc":{"start":{"line":35,"column":39},"end":{"line":35,"column":92}},"line":35},"6":{"name":"(anonymous_6)","decl":{"start":{"line":48,"column":4},"end":{"line":48,"column":5}},"loc":{"start":{"line":48,"column":11},"end":{"line":49,"column":5}},"line":48}},"branchMap":{"0":{"loc":{"start":{"line":2,"column":17},"end":{"line":7,"column":1}},"type":"binary-expr","locations":[{"start":{"line":2,"column":18},"end":{"line":2,"column":22}},{"start":{"line":2,"column":26},"end":{"line":2,"column":41}},{"start":{"line":2,"column":46},"end":{"line":7,"column":1}}],"line":2},"1":{"loc":{"start":{"line":3,"column":34},"end":{"line":3,"column":125}},"type":"cond-expr","locations":[{"start":{"line":3,"column":42},"end":{"line":3,"column":48}},{"start":{"line":3,"column":51},"end":{"line":3,"column":125}}],"line":3},"2":{"loc":{"start":{"line":3,"column":51},"end":{"line":3,"column":125}},"type":"cond-expr","locations":[{"start":{"line":3,"column":67},"end":{"line":3,"column":118}},{"start":{"line":3,"column":121},"end":{"line":3,"column":125}}],"line":3},"3":{"loc":{"start":{"line":4,"column":4},"end":{"line":5,"column":150}},"type":"if","locations":[{"start":{"line":4,"column":4},"end":{"line":5,"column":150}},{"start":{"line":4,"column":4},"end":{"line":5,"column":150}}],"line":4},"4":{"loc":{"start":{"line":4,"column":8},"end":{"line":4,"column":77}},"type":"binary-expr","locations":[{"start":{"line":4,"column":8},"end":{"line":4,"column":35}},{"start":{"line":4,"column":39},"end":{"line":4,"column":77}}],"line":4},"5":{"loc":{"start":{"line":5,"column":58},"end":{"line":5,"column":150}},"type":"if","locations":[{"start":{"line":5,"column":58},"end":{"line":5,"column":150}},{"start":{"line":5,"column":58},"end":{"line":5,"column":150}}],"line":5},"6":{"loc":{"start":{"line":5,"column":85},"end":{"line":5,"column":149}},"type":"binary-expr","locations":[{"start":{"line":5,"column":86},"end":{"line":5,"column":143}},{"start":{"line":5,"column":148},"end":{"line":5,"column":149}}],"line":5},"7":{"loc":{"start":{"line":5,"column":86},"end":{"line":5,"column":143}},"type":"cond-expr","locations":[{"start":{"line":5,"column":94},"end":{"line":5,"column":98}},{"start":{"line":5,"column":101},"end":{"line":5,"column":143}}],"line":5},"8":{"loc":{"start":{"line":5,"column":101},"end":{"line":5,"column":143}},"type":"cond-expr","locations":[{"start":{"line":5,"column":109},"end":{"line":5,"column":126}},{"start":{"line":5,"column":129},"end":{"line":5,"column":143}}],"line":5},"9":{"loc":{"start":{"line":6,"column":11},"end":{"line":6,"column":62}},"type":"binary-expr","locations":[{"start":{"line":6,"column":11},"end":{"line":6,"column":16}},{"start":{"line":6,"column":20},"end":{"line":6,"column":21}},{"start":{"line":6,"column":25},"end":{"line":6,"column":62}}],"line":6},"10":{"loc":{"start":{"line":8,"column":17},"end":{"line":10,"column":1}},"type":"binary-expr","locations":[{"start":{"line":8,"column":18},"end":{"line":8,"column":22}},{"start":{"line":8,"column":26},"end":{"line":8,"column":41}},{"start":{"line":8,"column":46},"end":{"line":10,"column":1}}],"line":8},"11":{"loc":{"start":{"line":9,"column":4},"end":{"line":9,"column":109}},"type":"if","locations":[{"start":{"line":9,"column":4},"end":{"line":9,"column":109}},{"start":{"line":9,"column":4},"end":{"line":9,"column":109}}],"line":9},"12":{"loc":{"start":{"line":9,"column":8},"end":{"line":9,"column":77}},"type":"binary-expr","locations":[{"start":{"line":9,"column":8},"end":{"line":9,"column":35}},{"start":{"line":9,"column":39},"end":{"line":9,"column":77}}],"line":9}},"s":{"0":1,"1":4,"2":4,"3":4,"4":0,"5":4,"6":10,"7":4,"8":4,"9":1,"10":6,"11":0,"12":1,"13":1,"14":1,"15":1,"16":1,"17":1,"18":2,"19":2,"20":2,"21":2,"22":2,"23":1,"24":1,"25":1,"26":1,"27":1,"28":1,"29":1,"30":1,"31":1,"32":1,"33":1,"34":1,"35":1},"f":{"0":4,"1":6,"2":2,"3":1,"4":1,"5":1,"6":1},"b":{"0":[1,1,1],"1":[2,2],"2":[2,0],"3":[0,4],"4":[4,4],"5":[4,6],"6":[4,4],"7":[2,2],"8":[2,0],"9":[4,2,2],"10":[1,1,1],"11":[0,6],"12":[6,6]},"_coverageSchema":"332fd63041d2c1bcb487cc26dd0d5f7d97098a6c","hash":"4bf49de1a0785000455ba10b7e58cccb0f6c02e5","contentHash":"e87738e147ce33d1de5e4daf344dde46_10.3.0"},"C:\\Users\\chadc\\Documents\\git-projects\\usproxy\\dist\\proxy\\proxy-content-test.js":{"path":"C:\\Users\\chadc\\Documents\\git-projects\\usproxy\\dist\\proxy\\proxy-content-test.js","statementMap":{"0":{"start":{"line":2,"column":17},"end":{"line":7,"column":1}},"1":{"start":{"line":3,"column":12},"end":{"line":3,"column":28}},"2":{"start":{"line":3,"column":34},"end":{"line":3,"column":125}},"3":{"start":{"line":4,"column":4},"end":{"line":5,"column":150}},"4":{"start":{"line":4,"column":79},"end":{"line":4,"column":131}},"5":{"start":{"line":5,"column":9},"end":{"line":5,"column":150}},"6":{"start":{"line":5,"column":58},"end":{"line":5,"column":150}},"7":{"start":{"line":5,"column":81},"end":{"line":5,"column":150}},"8":{"start":{"line":6,"column":4},"end":{"line":6,"column":66}},"9":{"start":{"line":8,"column":17},"end":{"line":10,"column":1}},"10":{"start":{"line":9,"column":4},"end":{"line":9,"column":109}},"11":{"start":{"line":9,"column":79},"end":{"line":9,"column":109}},"12":{"start":{"line":11,"column":0},"end":{"line":11,"column":62}},"13":{"start":{"line":12,"column":27},"end":{"line":12,"column":54}},"14":{"start":{"line":13,"column":24},"end":{"line":13,"column":50}},"15":{"start":{"line":14,"column":15},"end":{"line":14,"column":30}},"16":{"start":{"line":15,"column":28},"end":{"line":29,"column":1}},"17":{"start":{"line":17,"column":8},"end":{"line":17,"column":24}},"18":{"start":{"line":18,"column":8},"end":{"line":18,"column":63}},"19":{"start":{"line":21,"column":8},"end":{"line":21,"column":54}},"20":{"start":{"line":24,"column":8},"end":{"line":24,"column":53}},"21":{"start":{"line":27,"column":8},"end":{"line":27,"column":53}},"22":{"start":{"line":30,"column":0},"end":{"line":35,"column":81}},"23":{"start":{"line":36,"column":0},"end":{"line":41,"column":80}},"24":{"start":{"line":42,"column":0},"end":{"line":47,"column":72}},"25":{"start":{"line":48,"column":0},"end":{"line":50,"column":26}}},"fnMap":{"0":{"name":"(anonymous_0)","decl":{"start":{"line":2,"column":46},"end":{"line":2,"column":47}},"loc":{"start":{"line":2,"column":87},"end":{"line":7,"column":1}},"line":2},"1":{"name":"(anonymous_1)","decl":{"start":{"line":8,"column":46},"end":{"line":8,"column":47}},"loc":{"start":{"line":8,"column":62},"end":{"line":10,"column":1}},"line":8},"2":{"name":"(anonymous_2)","decl":{"start":{"line":16,"column":4},"end":{"line":16,"column":5}},"loc":{"start":{"line":16,"column":13},"end":{"line":19,"column":5}},"line":16},"3":{"name":"(anonymous_3)","decl":{"start":{"line":20,"column":4},"end":{"line":20,"column":5}},"loc":{"start":{"line":20,"column":42},"end":{"line":22,"column":5}},"line":20},"4":{"name":"(anonymous_4)","decl":{"start":{"line":23,"column":4},"end":{"line":23,"column":5}},"loc":{"start":{"line":23,"column":41},"end":{"line":25,"column":5}},"line":23},"5":{"name":"(anonymous_5)","decl":{"start":{"line":26,"column":4},"end":{"line":26,"column":5}},"loc":{"start":{"line":26,"column":33},"end":{"line":28,"column":5}},"line":26}},"branchMap":{"0":{"loc":{"start":{"line":2,"column":17},"end":{"line":7,"column":1}},"type":"binary-expr","locations":[{"start":{"line":2,"column":18},"end":{"line":2,"column":22}},{"start":{"line":2,"column":26},"end":{"line":2,"column":41}},{"star
[...]
line":2,"column":22}},{"start":{"line":2,"column":26},"end":{"line":2,"column":41}},{"start":{"line":2,"column":46},"end":{"line":7,"column":1}}],"line":2},"1":{"loc":{"start":{"line":3,"column":34},"end":{"line":3,"column":125}},"type":"cond-expr","locations":[{"start":{"line":3,"column":42},"end":{"line":3,"column":48}},{"start":{"line":3,"column":51},"end":{"line":3,"column":125}}],"line":3},"2":{"loc":{"start":{"line":3,"column":51},"end":{"line":3,"column":125}},"type":"cond-expr","locations":[{"start":{"line":3,"column":67},"end":{"line":3,"column":118}},{"start":{"line":3,"column":121},"end":{"line":3,"column":125}}],"line":3},"3":{"loc":{"start":{"line":4,"column":4},"end":{"line":5,"column":150}},"type":"if","locations":[{"start":{"line":4,"column":4},"end":{"line":5,"column":150}},{"start":{"line":4,"column":4},"end":{"line":5,"column":150}}],"line":4},"4":{"loc":{"start":{"line":4,"column":8},"end":{"line":4,"column":77}},"type":"binary-expr","locations":[{"start":{"line":4,"column":8},"end":{"line":4,"column":35}},{"start":{"line":4,"column":39},"end":{"line":4,"column":77}}],"line":4},"5":{"loc":{"start":{"line":5,"column":58},"end":{"line":5,"column":150}},"type":"if","locations":[{"start":{"line":5,"column":58},"end":{"line":5,"column":150}},{"start":{"line":5,"column":58},"end":{"line":5,"column":150}}],"line":5},"6":{"loc":{"start":{"line":5,"column":85},"end":{"line":5,"column":149}},"type":"binary-expr","locations":[{"start":{"line":5,"column":86},"end":{"line":5,"column":143}},{"start":{"line":5,"column":148},"end":{"line":5,"column":149}}],"line":5},"7":{"loc":{"start":{"line":5,"column":86},"end":{"line":5,"column":143}},"type":"cond-expr","locations":[{"start":{"line":5,"column":94},"end":{"line":5,"column":98}},{"start":{"line":5,"column":101},"end":{"line":5,"column":143}}],"line":5},"8":{"loc":{"start":{"line":5,"column":101},"end":{"line":5,"column":143}},"type":"cond-expr","locations":[{"start":{"line":5,"column":109},"end":{"line":5,"column":126}},{"start":{"line":5,"column":129},"end":{"line":5,"column":143}}],"line":5},"9":{"loc":{"start":{"line":6,"column":11},"end":{"line":6,"column":62}},"type":"binary-expr","locations":[{"start":{"line":6,"column":11},"end":{"line":6,"column":16}},{"start":{"line":6,"column":20},"end":{"line":6,"column":21}},{"start":{"line":6,"column":25},"end":{"line":6,"column":62}}],"line":6},"10":{"loc":{"start":{"line":8,"column":17},"end":{"line":10,"column":1}},"type":"binary-expr","locations":[{"start":{"line":8,"column":18},"end":{"line":8,"column":22}},{"start":{"line":8,"column":26},"end":{"line":8,"column":41}},{"start":{"line":8,"column":46},"end":{"line":10,"column":1}}],"line":8},"11":{"loc":{"start":{"line":9,"column":4},"end":{"line":9,"column":109}},"type":"if","locations":[{"start":{"line":9,"column":4},"end":{"line":9,"column":109}},{"start":{"line":9,"column":4},"end":{"line":9,"column":109}}],"line":9},"12":{"loc":{"start":{"line":9,"column":8},"end":{"line":9,"column":77}},"type":"binary-expr","locations":[{"start":{"line":9,"column":8},"end":{"line":9,"column":35}},{"start":{"line":9,"column":39},"end":{"line":9,"column":77}}],"line":9}},"s":{"0":1,"1":2,"2":2,"3":2,"4":0,"5":2,"6":5,"7":2,"8":2,"9":1,"10":3,"11":0,"12":1,"13":1,"14":1,"15":1,"16":1,"17":1,"18":1,"19":1,"20":1},"f":{"0":2,"1":3,"2":1,"3":1},"b":{"0":[1,1,1],"1":[1,1],"2":[1,0],"3":[0,2],"4":[2,2],"5":[2,3],"6":[2,2],"7":[1,1],"8":[1,0],"9":[2,1,1],"10":[1,1,1],"11":[0,3],"12":[3,3]},"_coverageSchema":"332fd63041d2c1bcb487cc26dd0d5f7d97098a6c","hash":"93e1c84545f1f02e676a072a5c1f19f6f28afe8d"},"C:\\Users\\chadc\\Documents\\git-projects\\usproxy\\dist\\utils\\streaming-html-middleware-test.js":{"path":"C:\\Users\\chadc\\Documents\\git-projects\\usproxy\\dist\\utils\\streaming-html-middleware-test.js","statementMap":{"0":{"start":{"line":2,"column":17},"end":{"line":7,"column":1}},"1":{"start":{"line":3,"column":12},"end":{"line":3,"column":28}},"2":{"start":{"line":3,"column":34},"end":{"line":3,"column":125}},"3":{"start":{"line":4,"column":4},"end":{"line":5,"column":150}},"4":{"start":{"line":4,"column":79},"end":{"line":4,"column":131}},"5":{"start":{"line":5,"column":9},"end":{"line":5,"column":150}},"6":{"start":{"line":5,"column":58},"end":{"line":5,"column":150}},"7":{"start":{"line":5,"column":81},"end":{"line":5,"column":150}},"8":{"start":{"line":6,"column":4},"end":{"line":6,"column":66}},"9":{"start":{"line":8,"column":17},"end":{"line":10,"column":1}},"10":{"start":{"line":9,"column":4},"end":{"line":9,"column":109}},"11":{"start":{"line":9,"column":79},"end":{"line":9,"column":109}},"12":{"start":{"line":11,"column":0},"end":{"line":11,"column":62}},"13":{"start":{"line":12,"column":27},"end":{"line":12,"column":54}},"14":{"start":{"line":13,"column":36},"end":{"line":13,"column":74}},"15":{"start":{"line":14,"column":25},"end":{"line":14,"column":53}},"16":{"start":{"line":15,"column":34},"end":{"line":26,"column":1}},"17":{"start":{"line":17,"column":8},"end":{"line":17,"column":53}},"18":{"start":{"line":18,"column":8},"end":{"line":18,"column":116}},"19":{"start":{"line":21,"column":8},"end":{"line":21,"column":71}},"20":{"start":{"line":24,"column":8},"end":{"line":24,"column":78}},"21":{"start":{"line":27,"column":0},"end":{"line":32,"column":69}},"22":{"start":{"line":33,"column":0},"end":{"line":38,"column":72}},"23":{"start":{"line":39,"column":0},"end":{"line":41,"column":32}}},"fnMap":{"0":{"name":"(anonymous_0)","decl":{"start":{"line":2,"column":46},"end":{"line":2,"column":47}},"loc":{"start":{"line":2,"column":87},"end":{"line":7,"column":1}},"line":2},"1":{"name":"(anonymous_1)","decl":{"start":{"line":8,"column":46},"end":{"line":8,"column":47}},"loc":{"start":{"line":8,"column":62},"end":{"line":10,"column":1}},"line":8},"2":{"name":"(anonymous_2)","decl":{"start":{"line":16,"column":4},"end":{"line":16,"column":5}},"loc":{"start":{"line":16,"column":13},"end":{"line":19,"column":5}},"line":16},"3":{"name":"(anonymous_3)","decl":{"start":{"line":20,"column":4},"end":{"line":20,"column":5}},"loc":{"start":{"line":20,"column":24},"end":{"line":22,"column":5}},"line":20},"4":{"name":"(anonymous_4)","decl":{"start":{"line":23,"column":4},"end":{"line":23,"column":5}},"loc":{"start":{"line":23,"column":27},"end":{"line":25,"column":5}},"line":23}},"branchMap":{"0":{"loc":{"start":{"line":2,"column":17},"end":{"line":7,"column":1}},"type":"binary-expr","locations":[{"start":{"line":2,"column":18},"end":{"line":2,"column":22}},{"start":{"line":2,"column":26},"end":{"line":2,"column":41}},{"start":{"line":2,"column":46},"end":{"line":7,"column":1}}],"line":2},"1":{"loc":{"start":{"line":3,"column":34},"end":{"line":3,"column":125}},"type":"cond-expr","locations":[{"start":{"line":3,"column":42},"end":{"line":3,"column":48}},{"start":{"line":3,"column":51},"end":{"line":3,"column":125}}],"line":3},"2":{"loc":{"start":{"line":3,"column":51},"end":{"line":3,"column":125}},"type":"cond-expr","locations":[{"start":{"line":3,"column":67},"end":{"line":3,"column":118}},{"start":{"line":3,"column":121},"end":{"line":3,"column":125}}],"line":3},"3":{"loc":{"start":{"line":4,"column":4},"end":{"line":5,"column":150}},"type":"if","locations":[{"start":{"line":4,"column":4},"end":{"line":5,"column":150}},{"start":{"line":4,"column":4},"end":{"line":5,"column":150}}],"line":4},"4":{"loc":{"start":{"line":4,"column":8},"end":{"line":4,"column":77}},"type":"binary-expr","locations":[{"start":{"line":4,"column":8},"end":{"line":4,"column":35}},{"start":{"line":4,"column":39},"end":{"line":4,"column":77}}],"line":4},"5":{"loc":{"start":{"line":5,"column":58},"end":{"line":5,"column":150}},"type":"if","locations":[{"start":{"line":5,"column":58},"end":{"line":5,"column":150}},{"start":{"line":5,"column":58},"end":{"line":5,"column":150}}],"line":5},"6":{"loc":{"start":{"line":5,"column":85},"end":{"line":5,"column":149}},"type":"binary-expr","locations":[{"start":{"line":5,"column":86},"end":{"line":5,"column":143}},{"start":{"line":5,"column":148},"end":{"line":5,"column":149}}],"line":5},"7":{"loc":{"start":{"line":5,"column":86},"end":{"line":5,"column":143}},"type":"cond-expr","locations":[{"start":{"line":5,"column":94},"end":{"line":5,"column":98}},{"start":{"line":5,"column":101},"end":{"line":5,"column":143}}],"line":5},"8":{"loc":{"start":{"line":5,"column":101},"end":{"line":5,"column":143}},"type":"cond-expr","locations":[{"start":{"line":5,"column":109},"end":{"line":5,"column":126}},{"start":{"line":5,"column":129},"end":{"line":5,"column":143}}],"line":5},"9":{"loc":{"start":{"line":6,"column":11},"end":{"line":6,"column":62}},"type":"binary-expr","locations":[{"start":{"line":6,"column":11},"end":{"line":6,"column":16}},{"start":{"line":6,"column":20},"end":{"line":6,"column":21}},{"start":{"line":6,"column":25},"end":{"line":6,"column":62}}],"line":6},"10":{"loc":{"start":{"line":8,"column":17},"end":{"line":10,"column":1}},"type":"binary-expr","locations":[{"start":{"line":8,"column":18},"end":{"line":8,"column":22}},{"start":{"line":8,"column":26},"end":{"line":8,"column":41}},{"start":{"line":8,"column":46},"end":{"line":10,"column":1}}],"line":8},"11":{"loc":{"start":{"line":9,"column":4},"end":{"line":9,"column":109}},"type":"if","locations":[{"start":{"line":9,"column":4},"end":{"line":9,"column":109}},{"start":{"line":9,"column":4},"end":{"line":9,"column":109}}],"line":9},"12":{"loc":{"start":{"line":9,"column":8},"end":{"line":9,"column":77}},"type":"binary-expr","locations":[{"start":{"line":9,"column":8},"end":{"line":9,"column":35}},{"start":{"line":9,"column":39},"end":{"line":9,"column":77}}],"line":9}},"s":{"0":1,"1":3,"2":3,"3":3,"4":0,"5":3,"6":9,"7":3,"8":3,"9":1,"10":6,"11":0,"12":1,"13":1,"14":1,"15":1,"16":1,"17":2,"18":2,"19":1,"20":1,"21":1,"22":1,"23":1},"f":{"0":3,"1":6,"2":2,"3":1,"4":1},"b":{"0":[1,1,1],"1":[1,2],"2":[2,0],"3":[0,3],"4":[3,3],"5":[3,6],"6":[3,3],"7":[1,2],"8":[2,0],"9":[3,2,2],"10":[1,1,1],"11":[0,6],"12":[6,6]},"_coverageSchema":"332fd63041d2c1bcb487cc26dd0d5f7d97098a6c","hash":"dd4918702e0caf892d513efce947947fb2992d0c"},"C:\\Users\\chadc\\Documents\\git-projects\\usproxy\\dist\\webserver\\connect-web-server.js":{"path":"C:\\Users\\chadc\\Documents\\git-projects\\usproxy\\dist\\webserver\\connect-web-server.js","statementMap":{"0":{"start":{"line":2,"column":0},"end":{"line":2,"column":62}},"1":{"start":{"line":3,"column":13},"end":{"line":3,"column":28}},"2":{"start":{"line":21,"column":0},"end":{"line":21,"column":44}}},"fnMap":{},"branchMap":{},"s":{"0":1,"1":1,"2":1},"f":{},"b":{},"_coverageSchema":"332fd63041d2c1bcb487cc26dd0d5f7d97098a6c","hash":"17a48a48c0d4d56a566a8b4380ab13d5f6f6f1c3"},"C:\\Users\\chadc\\Documents\\git-projects\\usproxy\\dist\\webserver\\web-server.js":{"path":"C:\\Users\\chadc\\Documents\\git-projects\\usproxy\\dist\\webserver\\web-server.js","statementMap":{"0":{"start":{"line":2,"column":0},"end":{"line":2,"column":62}}},"fnMap":{},"branchMap":{},"s":{"0":1},"f":{},"b":{},"_coverageSchema":"332fd63041d2c1bcb487cc26dd0d5f7d97098a6c","hash":"96908730f517791916c7f936a4c074955dd1efaa"},"C:\\Users\\chadc\\Documents\\git-projects\\usproxy\\dist\\winston-logger-test.js":{"path":"C:\\Users\\chadc\\Documents\\git-projects\\usproxy\\dist\\winston-logger-test.js","statementMap":{"0":{"start":{"line":2,"column":17},"end":{"line":7,"column":1}},"1":{"start":{"line":3,"column":12},"end":{"line":3,"column":28}},"2":{"start":{"line":3,"column":34},"end":{"line":3,"column":125}},"3":{"start":{"line":4,"column":4},"end":{"line":5,"column":150}},"4":{"start":{"line":4,"column":79},"end":{"line":4,"column":131}},"5":{"start":{"line":5,"column":9},"end":{"line":5,"column":150}},"6":{"start":{"line":5,"column":58},"end":{"line":5,"column":150}},"7":{"start":{"line":5,"column":81},"end":{"line":5,"column":150}},"8":{"start":{"line":6,"column":4},"end":{"line":6,"column":66}},"9":{"start":{"line":8,"column":17},"end":{"line":10,"column":1}},"10":{"start":{"line":9,"column":4},"end":{"line":9,"column":109}},"11":{"start":{"line":9,"column":79},"end":{"line":9,"column":109}},"12":{"start":{"line":11,"column":0},"end":{"line":11,"column":62}},"13":{"start":{"line":12,"column":27},"end":{"line":12,"column":54}},"14":{"start":{"line":13,"column":15},"end":{"line":13,"column":30}},"15":{"start":{"line":14,"column":25},"end":{"line":14,"column":52}},"16":{"start":{"line":15,"column":27},"end":{"line":48,"column":1}},"17":{"start":{"line":17,"column":8},"end":{"line":17,"column":24}},"18":{"start":{"line":18,"column":8},"end":{"line":18,"column":56}},"19":{"start":{"line":21,"column":8},"end":{"line":21,"column":35}},"20":{"start":{"line":22,"column":8},"end":{"line":22,"column":47}},"21":{"start":{"line":25,"column":8},"end":{"line":25,"column":36}},"22":{"start":{"line":26,"column":8},"end":{"line":26,"column":48}},"23":{"start":{"line":29,"column":8},"end":{"line":29,"column":36}},"24":{"start":{"line":30,"column":8},"end":{"line":30,"column":48}},"25":{"start":{"line":33,"column":8},"end":{"line":33,"column":35}},"26":{"start":{"line":34,"column":8},"end":{"line":34,"column":47}},"27":{"start":{"line":37,"column":8},"end":{"line":37,"column":36}},"28":{"start":{"line":40,"column":8},"end":{"line":40,"column":37}},"29":{"start":{"line":43,"column":8},"end":{"line":43,"column":34}},"30":{"start":{"line":46,"column":8},"end":{"line":46,"column":33}},"31":{"start":{"line":49,"column":0},"end":{"line":54,"column":81}},"32":{"start":{"line":55,"column":0},"end":{"line":60,"column":82}},"33":{"start":{"line":61,"column":0},"end":{"line":66,"column":82}},"34":{"start":{"line":67,"column":0},"end":{"line":72,"column":81}},"35":{"start":{"line":73,"column":0},"end":{"line":78,"column":68}},"36":{"start":{"line":79,"column":0},"end":{"line":84,"column":67}},"37":{"start":{"line":85,"column":0},"end":{"line":90,"column":68}},"38":{"start":{"line":91,"column":0},"end":{"line":96,"column":66}},"39":{"start":{"line":97,"column":0},"end":{"line":99,"column":25}},"40":{"start":{"line":100,"column":0},"end":{"line":100,"column":52}}},"fnMap":{"0":{"name":"(anonymous_0)","decl":{"start":{"line":2,"column":46},"end":{"line":2,"column":47}},"loc":{"start":{"line":2,"column":87},"end":{"line":7,"column":1}},"line":2},"1":{"name":"(anonymous_1)","decl":{"start":{"line":8,"column":46},"end":{"line":8,"column":47}},"loc":{"start":{"line":8,"column":62},"end":{"line":10,"column":1}},"line":8},"2":{"name":"(anonymous_2)","decl":{"start":{"line":16,"column":4},"end":{"line":16,"column":5}},"loc":{"start":{"line":16,"column":13},"end":{"line":19,"column":5}},"line":16},"3":{"name":"(anonymous_3)","decl":{"start":{"line":20,"column":4},"end":{"line":20,"column":5}},"loc":{"start":{"line":20,"column":43},"end":{"line":23,"column":5}},"line":20},"4":{"name":"(anonymous_4)","decl":{"start":{"line":24,"column":4},"end":{"line":24,"column":5}},"loc":{"start":{"line":24,"column":44},"end":{"line":27,"column":5}},"line":24},"5":{"name":"(anonymous_5)","decl":{"start":{"line":28,"column":4},"end":{"line":28,"column":5}},"loc":{"start":{"line":28,"column":44},"end":{"line":31,"column":5}},"line":28},"6":{"name":"(anonymous_6)","decl":{"start":{"line":32,"column":4},"end":{"line":32,"column":5}},"loc":{"start":{"line":32,"column":43},"end":{"line":35,"column":5}},"line":32},"7":{"name":"(anonymous_7)","decl":{"start":{"line":36,"column":4},"end":{"line":36,"column":5}},"loc":{"start":{"line":36,"column":30},"end":{"line":38,"column":5}},"line":36},"8":{"name":"(anonymous_8)","decl":{"start":{"line":39,"column":4},"end":{"line":39,"column":5}},"loc":{"start":{"line":39,"column":29},"end":{"line":41,"column":5}},"line":39},"9":{"name":"(anonymous_9)","decl":{"start":{"line":42,"column":4},"end":{"line":42,"column":5}},"loc":{"start":{"line":42,"column":30},"end":{"line":44,"column":5}},"line":42},"10":{"name":"(anonymous_10)","decl":{"start":{"line":45,"column":4},"end":{"line":45,"column":5}},"loc":{"start":{"line":45,"column":28},"end":{"line":47,"column":5}},"line":45}},"branchMap":{"0":{"loc":{"start":{"line":2,"column":17},"end":{"line":7,"column":1}},"type":"binary-expr","locations":[{"start":{"line":2,"column":18},"end":{"line":2,"column":22}},{"start":{"line":2,"column":26},"end":{"line":2,"column":41}},{"start":{"line":2,"column":46},"end":{"line":7,"column":1}}],"line":2},"1":{"loc":{"start":{"line":3,"column":34},"end":{"line":3,"column":125}},"type":"cond-expr","locations":[{"start":{"line":3,"column":42},"end":{"line":3,"column":48}},{"start":{"line":3,"column":51},"end":{"line":3,"column":125}}],"line":3},"2":{"loc":{"start":{"line":3,"column":51},"end":{"line":3,"column":125}},"type":"cond-expr","locations":[{"start":{"line":3,"column":67},"end":{"line":3,"column":118}},{"start":{"line":3,"column":121},"end":{"line":3,"column":125}}],"line":3},"3":{"loc":{"start":{"line":4,"column":4},"end":{"line":5,"column":150}},"type":"if","locations":[{"start":{"line":4,"column":4},"end":{"line":5,"column":150}},{"start":{"line":4,"column":4},"end":{"line":5,"column":150}}],"line":4},"4":{"loc":{"start":{"line":4,"column":8},"end":{"line":4,"column":77}},"type":"binary-expr","locations":[{"start":{"line":4,"column":8},"end":{"line":4,"column":35}},{"start":{"line":4,"column":39},"end":{"line":4,"column":77}}],"line":4},"5":{"loc":{"start":{"line":5,"column":58},"end":{"line":5,"column":150}},"type":"if","locations":[{"start":{"line":5,"column":58},"end":{"line":5,"column":150}},{"start":{"line":5,"column":58},"end":{"line":5,"column":150}}],"line":5},"6":{"loc":{"start":{"line":5,"column":85},"end":{"line":5,"column":149}},"type":"binary-expr","locations":[{"start":{"line":5,"column":86},"end":{"line":5,"column":143}},{"start":{"line":5,"column":148},"end":{"line":5,"column":149}}],"line":5},"7":{"loc":{"start":{"line":5,"column":86},"end":{"line":5,"column":143}},"type":"cond-expr","locations":[{"start":{"line":5,"column":94},"end":{"line":5,"column":98}},{"start":{"line":5,"column":101},"end":{"line":5,"column":143}}],"line":5},"8":{"loc":{"start":{"line":5,"column":101},"end":{"line":5,"column":143}},"type":"cond-expr","locations":[{"start":{"line":5,"column":109},"end":{"line":5,"column":126}},{"start":{"line":5,"column":129},"end":{"line":5,"column":143}}],"line":5},"9":{"loc":{"start":{"line":6,"column":11},"end":{"line":6,"column":62}},"type":"binary-expr","locations":[{"start":{"line":6,"column":11},"end":{"line":6,"column":16}},{"start":{"line":6,"column":20},"end":{"line":6,"column":21}},{"start":{"line":6,"column":25},"end":{"line":6,"column":62}}],"line":6},"10":{"loc":{"start":{"line":8,"column":17},"end":{"line":10,"column":1}},"type":"binary-expr","locations":[{"start":{"line":8,"column":18},"end":{"line":8,"column":22}},{"start":{"line":8,"column":26},"end":{"line":8,"column":41}},{"start":{"line":8,"column":46},"end":{"line":10,"column":1}}],"line":8},"11":{"loc":{"start":{"line":9,"column":4},"end":{"line":9,"column":109}},"type":"if","locations":[{"start":{"line":9,"column":4},"end":{"line":9,"column":109}},{"start":{"line":9,"column":4},"end":{"line":9,"column":109}}],"line":9},"12":{"loc":{"start":{"line":9,"column":8},"end":{"line":9,"column":77}},"type":"binary-expr","locations":[{"start":{"line":9,"column":8},"end":{"line":9,"column":35}},{"start":{"line":9,"column":39},"end":{"line":9,"column":77}}],"line":9}},"s":{"0":1,"1":9,"2":9,"3":9,"4":0,"5":9,"6":33,"7":9,"8":9,"9":1,"10":24,"11":0,"12":1,"13":1,"14":1,"15":1,"16":1,"17":8,"18":8,"19":1,"20":1,"21":1,"22":1,"23":1,"24":1,"25":1,"26":1,"27":1,"28":1,"29":1,"30":1,"31":1,"32":1,"33":1,"34":1,"35":1,"36":1,"37":1,"38":1,"39":1,"40":1},"f":{"0":9,"1":24,"2":8,"3":1,"4":1,"5":1,"6":1,"7":1,"8":1,"9":1,"10":1},"b":{"0":[1,1,1],"1":[1,8],"2":[8,0],"3":[0,9],"4":[9,9],"5":[9,24],"6":[9,9],"7":[1,8],"8":[8,0],"9":[9,8,8],"10":[1,1,1],"11":[0,24],"12":[24,24]},"_coverageSchema":"332fd63041d2c1bcb487cc26dd0d5f7d97098a6c","hash":"679804afab4718f2f255a40252d1bf693cc0a371"}}